<?xml version="1.0" encoding="UTF-8"?>
<testsuites name="Sprint_GetPickUpTime - P2" time="21" tests="100" failures="0" errors="0">
   <testsuite name="Sprint_GetPickUpTime - P2" tests="100" failures="0" errors="0" time="21" timestamp="2018-10-02 08:19:59" hostname="vinh.le - TITAN-V-2001.titandms.local" id="Test Suites/API_Toyota/Sprint_GetPickUpTime - P2">
      <properties>
         <property name="deviceName" value=""/>
         <property name="devicePlatform" value=""/>
         <property name="logFolder" value="C:\\Users\\vinh.le\\git\\TitanAPIKatalon\\Reports\\API_Toyota\\Sprint_GetPickUpTime - P2\\20181002_081527"/>
         <property name="logFiles" value="C:\\Users\\vinh.le\\git\\TitanAPIKatalon\\Reports\\API_Toyota\\Sprint_GetPickUpTime - P2\\20181002_081527\\execution0.log"/>
         <property name="attachments" value=""/>
         <property name="hostName" value="vinh.le - TITAN-V-2001.titandms.local"/>
         <property name="hostAddress" value="192.168.3.19"/>
         <property name="os" value="Windows 10 64bit"/>
         <property name="katalonVersion" value="5.7.1.1"/>
      </properties>
      <testcase name="Test Cases/TOYOTA/Main_Toyota_TestCase - AllSprints" classname="Test Cases/TOYOTA/Main_Toyota_TestCase - AllSprints" status="PASSED">
         <system-out><![CDATA[2018-10-02 08:19:59 - [TEST_CASE][PASSED] - Test Cases/TOYOTA/Main_Toyota_TestCase - AllSprints: Test Cases/TOYOTA/Main_Toyota_TestCase - AllSprints

2018-10-02 08:19:59 - [TEST_STEP][PASSED] - callTestCase: Call Test Case 'Test Cases/TOYOTA/Library_TestCase/Setup_Method_And_Variables - V1' successfully

2018-10-02 08:19:59 - [TEST_CASE][PASSED] - Test Cases/TOYOTA/Library_TestCase/Setup_Method_And_Variables - V1: Test Cases/TOYOTA/Library_TestCase/Setup_Method_And_Variables - V1

2018-10-02 08:19:59 - [TEST_STEP][PASSED] - Statement - If (!(Setup_Interval == "")): null

2018-10-02 08:19:59 - [TEST_STEP][PASSED] - Statement - If (!(Setup_WorkshopStart == "")): null

2018-10-02 08:19:59 - [TEST_STEP][PASSED] - Statement - If (!(Setup_WorkshopEnd == "")): null

2018-10-02 08:19:59 - [TEST_STEP][PASSED] - Statement - If (!(Setup_Dealer_Code == "")): null

2018-10-02 08:19:59 - [TEST_STEP][PASSED] - Statement - If (!(Setup_Location_Code == "")): null

2018-10-02 08:19:59 - [TEST_STEP][PASSED] - Statement - If (!(Setup_VIN == "")): null

2018-10-02 08:19:59 - [TEST_STEP][PASSED] - Statement - If (!(Setup_REGNumber == "")): null

2018-10-02 08:19:59 - [TEST_STEP][PASSED] - Statement - If (!(Setup_FirstName == "")): null

2018-10-02 08:19:59 - [TEST_STEP][PASSED] - Statement - If (!(Setup_LastName == "")): null

2018-10-02 08:19:59 - [TEST_STEP][PASSED] - Statement - If (!(Setup_TotalPrice == "")): null

2018-10-02 08:19:59 - [TEST_STEP][PASSED] - Statement - If (!(Setup_TotalDuration == "")): null

2018-10-02 08:19:59 - [TEST_STEP][PASSED] - Statement - If (!(Setup_StartDropDate == "")): null

2018-10-02 08:19:59 - [TEST_STEP][PASSED] - Statement - If (!(Setup_EndDropDate == "")): null

2018-10-02 08:19:59 - [TEST_STEP][PASSED] - Statement - If (!(Setup_StartSearchDate == "")): null

2018-10-02 08:19:59 - [TEST_STEP][PASSED] - Statement - If (!(Setup_EndSearchDate == "")): null

2018-10-02 08:19:59 - [TEST_STEP][PASSED] - Statement - If (!(Setup_Duration == "")): null

2018-10-02 08:20:00 - [TEST_STEP][PASSED] - Statement - If (!(Setup_ServiceDate == "")): null

2018-10-02 08:20:00 - [TEST_STEP][PASSED] - Statement - If (!(Setup_StartDropDate == "")): null

2018-10-02 08:20:00 - [TEST_STEP][PASSED] - Statement - If (!(Setup_EndDropDate == "")): null

2018-10-02 08:20:00 - [TEST_STEP][PASSED] - Statement - If (!(Setup_StartSearchDate == "")): null

2018-10-02 08:20:00 - [TEST_STEP][PASSED] - Statement - If (!(Setup_EndSearchDate == "")): null

2018-10-02 08:20:00 - [TEST_STEP][PASSED] - Statement - If (!(Setup_BookingId == "")): null

2018-10-02 08:20:00 - [TEST_STEP][PASSED] - Statement - If (!(Setup_ServiceType == "")): null

2018-10-02 08:20:00 - [TEST_STEP][PASSED] - Statement - SetDate = { java.util.Date current_time, int number_month, int number_day -> ... }: null

2018-10-02 08:20:00 - [TEST_STEP][PASSED] - Statement - RandomNumber = { int number -> ... }: null

2018-10-02 08:20:00 - [TEST_STEP][PASSED] - Statement - today = new java.util.Date(): null

2018-10-02 08:20:00 - [TEST_STEP][PASSED] - Statement - current_date = today.format("YYYY-MM-dd"): null

2018-10-02 08:20:00 - [TEST_STEP][PASSED] - Statement - Glb_Current_Date = current_date: null

2018-10-02 08:20:00 - [TEST_STEP][PASSED] - Statement - If (Glb_ServiceDate.toString().toLowerCase() == "cr"): null

2018-10-02 08:20:00 - [TEST_STEP][PASSED] - Statement - If (Glb_StartDate.toString().toLowerCase() == "cr"): null

2018-10-02 08:20:00 - [TEST_STEP][PASSED] - Statement - If (Glb_EndDate.toString().toLowerCase() == "cr"): null

2018-10-02 08:20:00 - [TEST_STEP][PASSED] - Statement - If (Glb_StartSearchDate.toString().toLowerCase() == "cr"): null

2018-10-02 08:20:00 - [TEST_STEP][PASSED] - Statement - If (Glb_EndSearchDate.toString().toLowerCase() == "cr"): null

2018-10-02 08:20:00 - [TEST_STEP][PASSED] - Statement - Glb_ContactId = "1901" + RandomNumber.call(999999): null

2018-10-02 08:20:00 - [MESSAGE][PASSED] - Call Test Case 'Test Cases/TOYOTA/Library_TestCase/Setup_Method_And_Variables - V1' successfully

2018-10-02 08:20:00 - [TEST_STEP][PASSED] - Statement - If (var_Status_OpCode == "true"): null

2018-10-02 08:20:00 - [TEST_STEP][PASSED] - Statement - If (var_Status_GetOffTime == "true"): null

2018-10-02 08:20:00 - [TEST_STEP][PASSED] - Statement - If (var_Status_PickupTime == "true"): Call Test Case 'Test Cases/TOYOTA/Library_TestCase/Toyota_GetPickUpTimes_JSON - V1' successfully

2018-10-02 08:20:00 - [TEST_STEP][PASSED] - callTestCase: Call Test Case 'Test Cases/TOYOTA/Library_TestCase/Toyota_GetPickUpTimes_JSON - V1' successfully

2018-10-02 08:20:00 - [TEST_CASE][PASSED] - Test Cases/TOYOTA/Library_TestCase/Toyota_GetPickUpTimes_JSON - V1: Test Cases/TOYOTA/Library_TestCase/Toyota_GetPickUpTimes_JSON - V1

2018-10-02 08:20:00 - [TEST_STEP][PASSED] - Statement - ConvertString_toDate = { java.lang.String Date_Str, java.lang.String format -> ... }: null

2018-10-02 08:20:00 - [TEST_STEP][PASSED] - Statement - GetPickupTime = com.kms.katalon.core.testobject.ObjectRepository.findTestObject(Toyota/GetPickUpTimes_JSON, [Service_Date:internal.GlobalVariable.Glb_ServiceDate, Drop_Off_Time:internal.GlobalVariable.Glb_DropOffTime, ServiceBay_Time:internal.GlobalVariable.Glb_ServiceBay_Type, ... ]): Finding Test Object with id 'Object Repository/Toyota/GetPickUpTimes_JSON'

2018-10-02 08:20:00 - [TEST_STEP][PASSED] - Statement - GetPickupTime.getHttpHeaderProperties().add(new com.kms.katalon.core.testobject.TestObjectProperty(Authorization, com.kms.katalon.core.testobject.ConditionType.EQUALS, (Basic  + internal.GlobalVariable.Glb_Authorization_Token))): null

2018-10-02 08:20:00 - [TEST_STEP][PASSED] - Statement - res_GetPickupTime = com.kms.katalon.core.webservice.keyword.WSBuiltInKeywords.sendRequest(GetPickupTime): Send request successfully

2018-10-02 08:20:00 - [MESSAGE][PASSED] - Send request successfully

2018-10-02 08:20:00 - [TEST_STEP][PASSED] - Statement - Service_Date = java.util.Date.parse("yyyy-MM-dd", Glb_ServiceDate): null

2018-10-02 08:20:00 - [TEST_STEP][PASSED] - Statement - current = java.util.Date.parse("yyyy-MM-dd", Glb_Current_Date): null

2018-10-02 08:20:00 - [TEST_STEP][PASSED] - Statement - DropOffTime = java.util.Date.parse("HH:mm", Glb_DropOffTime): null

2018-10-02 08:20:00 - [TEST_STEP][PASSED] - Statement - Duration = Glb_Duration_Time: null

2018-10-02 08:20:00 - [TEST_STEP][PASSED] - Statement - Start_WS_Str = "0" + Glb_WorkshopStart + ":00": null

2018-10-02 08:20:00 - [TEST_STEP][PASSED] - Statement - Start_WS_Hr = ConvertString_toDate.call(Start_WS_Str, "HH:mm"): null

2018-10-02 08:20:00 - [TEST_STEP][PASSED] - Statement - End_WS_Str = Glb_WorkshopEnd + ":00": null

2018-10-02 08:20:00 - [TEST_STEP][PASSED] - Statement - End_WS_Hr = ConvertString_toDate.call(End_WS_Str, "HH:mm"): null

2018-10-02 08:20:00 - [TEST_STEP][PASSED] - Statement - duration_hours = <not implemented yet for class: org.codehaus.groovy.ast.expr.EmptyExpression>: null

2018-10-02 08:20:00 - [TEST_STEP][PASSED] - Statement - use(groovy.time.TimeCategory, { -> ... }): null

2018-10-02 08:20:00 - [TEST_STEP][PASSED] - Statement - If (!(Glb_Dealer_Code == "765A")): null

2018-10-02 08:20:00 - [TEST_STEP][PASSED] - verifyResponseStatusCode: Verify response status code successfully

2018-10-02 08:20:00 - [MESSAGE][PASSED] - Verify response status code successfully

2018-10-02 08:20:00 - [TEST_STEP][PASSED] - Statement - res_Text = new groovy.json.JsonSlurper().parseText(response.getResponseText()): null

2018-10-02 08:20:00 - [TEST_STEP][PASSED] - Statement - If (!(ExpectedMessage == "")): null

2018-10-02 08:20:00 - [MESSAGE][PASSED] - Call Test Case 'Test Cases/TOYOTA/Library_TestCase/Toyota_GetPickUpTimes_JSON - V1' successfully

2018-10-02 08:20:00 - [TEST_STEP][PASSED] - Statement - If (var_Status_ReservedTimeslot == "true"): null

2018-10-02 08:20:00 - [TEST_STEP][PASSED] - Statement - If (var_Status_GetTransport == "true"): null

2018-10-02 08:20:00 - [TEST_STEP][PASSED] - Statement - If (var_Status_MakeBooking == "true"): null

2018-10-02 08:20:00 - [TEST_STEP][PASSED] - Statement - If (var_Status_SearchBooking == "true"): null

2018-10-02 08:20:00 - [TEST_STEP][PASSED] - Statement - If (var_Status_GetBookingDetail == "true"): null

2018-10-02 08:20:00 - [TEST_STEP][PASSED] - Statement - If (var_Status_ChangeBooking == "true"): null

2018-10-02 08:20:00 - [TEST_STEP][PASSED] - Statement - If (var_Status_CancelBooking == "true"): null]]></system-out>
         <system-err><![CDATA[]]></system-err>
      </testcase>
      <testcase name="Test Cases/TOYOTA/Main_Toyota_TestCase - AllSprints" classname="Test Cases/TOYOTA/Main_Toyota_TestCase - AllSprints" status="PASSED">
         <system-out><![CDATA[2018-10-02 08:20:00 - [TEST_CASE][PASSED] - Test Cases/TOYOTA/Main_Toyota_TestCase - AllSprints: Test Cases/TOYOTA/Main_Toyota_TestCase - AllSprints

2018-10-02 08:20:00 - [TEST_STEP][PASSED] - callTestCase: Call Test Case 'Test Cases/TOYOTA/Library_TestCase/Setup_Method_And_Variables - V1' successfully

2018-10-02 08:20:00 - [TEST_CASE][PASSED] - Test Cases/TOYOTA/Library_TestCase/Setup_Method_And_Variables - V1: Test Cases/TOYOTA/Library_TestCase/Setup_Method_And_Variables - V1

2018-10-02 08:20:00 - [TEST_STEP][PASSED] - Statement - If (!(Setup_Interval == "")): null

2018-10-02 08:20:00 - [TEST_STEP][PASSED] - Statement - If (!(Setup_WorkshopStart == "")): null

2018-10-02 08:20:00 - [TEST_STEP][PASSED] - Statement - If (!(Setup_WorkshopEnd == "")): null

2018-10-02 08:20:00 - [TEST_STEP][PASSED] - Statement - If (!(Setup_Dealer_Code == "")): null

2018-10-02 08:20:00 - [TEST_STEP][PASSED] - Statement - If (!(Setup_Location_Code == "")): null

2018-10-02 08:20:00 - [TEST_STEP][PASSED] - Statement - If (!(Setup_VIN == "")): null

2018-10-02 08:20:00 - [TEST_STEP][PASSED] - Statement - If (!(Setup_REGNumber == "")): null

2018-10-02 08:20:00 - [TEST_STEP][PASSED] - Statement - If (!(Setup_FirstName == "")): null

2018-10-02 08:20:00 - [TEST_STEP][PASSED] - Statement - If (!(Setup_LastName == "")): null

2018-10-02 08:20:00 - [TEST_STEP][PASSED] - Statement - If (!(Setup_TotalPrice == "")): null

2018-10-02 08:20:00 - [TEST_STEP][PASSED] - Statement - If (!(Setup_TotalDuration == "")): null

2018-10-02 08:20:00 - [TEST_STEP][PASSED] - Statement - If (!(Setup_StartDropDate == "")): null

2018-10-02 08:20:00 - [TEST_STEP][PASSED] - Statement - If (!(Setup_EndDropDate == "")): null

2018-10-02 08:20:00 - [TEST_STEP][PASSED] - Statement - If (!(Setup_StartSearchDate == "")): null

2018-10-02 08:20:00 - [TEST_STEP][PASSED] - Statement - If (!(Setup_EndSearchDate == "")): null

2018-10-02 08:20:00 - [TEST_STEP][PASSED] - Statement - If (!(Setup_Duration == "")): null

2018-10-02 08:20:00 - [TEST_STEP][PASSED] - Statement - If (!(Setup_ServiceDate == "")): null

2018-10-02 08:20:00 - [TEST_STEP][PASSED] - Statement - If (!(Setup_StartDropDate == "")): null

2018-10-02 08:20:00 - [TEST_STEP][PASSED] - Statement - If (!(Setup_EndDropDate == "")): null

2018-10-02 08:20:00 - [TEST_STEP][PASSED] - Statement - If (!(Setup_StartSearchDate == "")): null

2018-10-02 08:20:00 - [TEST_STEP][PASSED] - Statement - If (!(Setup_EndSearchDate == "")): null

2018-10-02 08:20:00 - [TEST_STEP][PASSED] - Statement - If (!(Setup_BookingId == "")): null

2018-10-02 08:20:00 - [TEST_STEP][PASSED] - Statement - If (!(Setup_ServiceType == "")): null

2018-10-02 08:20:00 - [TEST_STEP][PASSED] - Statement - SetDate = { java.util.Date current_time, int number_month, int number_day -> ... }: null

2018-10-02 08:20:00 - [TEST_STEP][PASSED] - Statement - RandomNumber = { int number -> ... }: null

2018-10-02 08:20:00 - [TEST_STEP][PASSED] - Statement - today = new java.util.Date(): null

2018-10-02 08:20:00 - [TEST_STEP][PASSED] - Statement - current_date = today.format("YYYY-MM-dd"): null

2018-10-02 08:20:00 - [TEST_STEP][PASSED] - Statement - Glb_Current_Date = current_date: null

2018-10-02 08:20:00 - [TEST_STEP][PASSED] - Statement - If (Glb_ServiceDate.toString().toLowerCase() == "cr"): null

2018-10-02 08:20:00 - [TEST_STEP][PASSED] - Statement - If (Glb_StartDate.toString().toLowerCase() == "cr"): null

2018-10-02 08:20:00 - [TEST_STEP][PASSED] - Statement - If (Glb_EndDate.toString().toLowerCase() == "cr"): null

2018-10-02 08:20:00 - [TEST_STEP][PASSED] - Statement - If (Glb_StartSearchDate.toString().toLowerCase() == "cr"): null

2018-10-02 08:20:00 - [TEST_STEP][PASSED] - Statement - If (Glb_EndSearchDate.toString().toLowerCase() == "cr"): null

2018-10-02 08:20:00 - [TEST_STEP][PASSED] - Statement - Glb_ContactId = "1901" + RandomNumber.call(999999): null

2018-10-02 08:20:00 - [MESSAGE][PASSED] - Call Test Case 'Test Cases/TOYOTA/Library_TestCase/Setup_Method_And_Variables - V1' successfully

2018-10-02 08:20:00 - [TEST_STEP][PASSED] - Statement - If (var_Status_OpCode == "true"): null

2018-10-02 08:20:00 - [TEST_STEP][PASSED] - Statement - If (var_Status_GetOffTime == "true"): null

2018-10-02 08:20:00 - [TEST_STEP][PASSED] - Statement - If (var_Status_PickupTime == "true"): Call Test Case 'Test Cases/TOYOTA/Library_TestCase/Toyota_GetPickUpTimes_JSON - V1' successfully

2018-10-02 08:20:00 - [TEST_STEP][PASSED] - callTestCase: Call Test Case 'Test Cases/TOYOTA/Library_TestCase/Toyota_GetPickUpTimes_JSON - V1' successfully

2018-10-02 08:20:00 - [TEST_CASE][PASSED] - Test Cases/TOYOTA/Library_TestCase/Toyota_GetPickUpTimes_JSON - V1: Test Cases/TOYOTA/Library_TestCase/Toyota_GetPickUpTimes_JSON - V1

2018-10-02 08:20:00 - [TEST_STEP][PASSED] - Statement - ConvertString_toDate = { java.lang.String Date_Str, java.lang.String format -> ... }: null

2018-10-02 08:20:00 - [TEST_STEP][PASSED] - Statement - GetPickupTime = com.kms.katalon.core.testobject.ObjectRepository.findTestObject(Toyota/GetPickUpTimes_JSON, [Service_Date:internal.GlobalVariable.Glb_ServiceDate, Drop_Off_Time:internal.GlobalVariable.Glb_DropOffTime, ServiceBay_Time:internal.GlobalVariable.Glb_ServiceBay_Type, ... ]): Finding Test Object with id 'Object Repository/Toyota/GetPickUpTimes_JSON'

2018-10-02 08:20:00 - [TEST_STEP][PASSED] - Statement - GetPickupTime.getHttpHeaderProperties().add(new com.kms.katalon.core.testobject.TestObjectProperty(Authorization, com.kms.katalon.core.testobject.ConditionType.EQUALS, (Basic  + internal.GlobalVariable.Glb_Authorization_Token))): null

2018-10-02 08:20:00 - [TEST_STEP][PASSED] - Statement - res_GetPickupTime = com.kms.katalon.core.webservice.keyword.WSBuiltInKeywords.sendRequest(GetPickupTime): Send request successfully

2018-10-02 08:20:00 - [MESSAGE][PASSED] - Send request successfully

2018-10-02 08:20:00 - [TEST_STEP][PASSED] - Statement - Service_Date = java.util.Date.parse("yyyy-MM-dd", Glb_ServiceDate): null

2018-10-02 08:20:00 - [TEST_STEP][PASSED] - Statement - current = java.util.Date.parse("yyyy-MM-dd", Glb_Current_Date): null

2018-10-02 08:20:00 - [TEST_STEP][PASSED] - Statement - DropOffTime = java.util.Date.parse("HH:mm", Glb_DropOffTime): null

2018-10-02 08:20:00 - [TEST_STEP][PASSED] - Statement - Duration = Glb_Duration_Time: null

2018-10-02 08:20:00 - [TEST_STEP][PASSED] - Statement - Start_WS_Str = "0" + Glb_WorkshopStart + ":00": null

2018-10-02 08:20:00 - [TEST_STEP][PASSED] - Statement - Start_WS_Hr = ConvertString_toDate.call(Start_WS_Str, "HH:mm"): null

2018-10-02 08:20:00 - [TEST_STEP][PASSED] - Statement - End_WS_Str = Glb_WorkshopEnd + ":00": null

2018-10-02 08:20:00 - [TEST_STEP][PASSED] - Statement - End_WS_Hr = ConvertString_toDate.call(End_WS_Str, "HH:mm"): null

2018-10-02 08:20:00 - [TEST_STEP][PASSED] - Statement - duration_hours = <not implemented yet for class: org.codehaus.groovy.ast.expr.EmptyExpression>: null

2018-10-02 08:20:00 - [TEST_STEP][PASSED] - Statement - use(groovy.time.TimeCategory, { -> ... }): null

2018-10-02 08:20:00 - [TEST_STEP][PASSED] - Statement - If (!(Glb_Dealer_Code == "765A")): null

2018-10-02 08:20:00 - [TEST_STEP][PASSED] - verifyResponseStatusCode: Verify response status code successfully

2018-10-02 08:20:00 - [MESSAGE][PASSED] - Verify response status code successfully

2018-10-02 08:20:00 - [TEST_STEP][PASSED] - Statement - res_Text = new groovy.json.JsonSlurper().parseText(response.getResponseText()): null

2018-10-02 08:20:00 - [TEST_STEP][PASSED] - Statement - If (!(ExpectedMessage == "")): null

2018-10-02 08:20:00 - [MESSAGE][PASSED] - Call Test Case 'Test Cases/TOYOTA/Library_TestCase/Toyota_GetPickUpTimes_JSON - V1' successfully

2018-10-02 08:20:00 - [TEST_STEP][PASSED] - Statement - If (var_Status_ReservedTimeslot == "true"): null

2018-10-02 08:20:00 - [TEST_STEP][PASSED] - Statement - If (var_Status_GetTransport == "true"): null

2018-10-02 08:20:00 - [TEST_STEP][PASSED] - Statement - If (var_Status_MakeBooking == "true"): null

2018-10-02 08:20:00 - [TEST_STEP][PASSED] - Statement - If (var_Status_SearchBooking == "true"): null

2018-10-02 08:20:00 - [TEST_STEP][PASSED] - Statement - If (var_Status_GetBookingDetail == "true"): null

2018-10-02 08:20:00 - [TEST_STEP][PASSED] - Statement - If (var_Status_ChangeBooking == "true"): null

2018-10-02 08:20:00 - [TEST_STEP][PASSED] - Statement - If (var_Status_CancelBooking == "true"): null]]></system-out>
         <system-err><![CDATA[]]></system-err>
      </testcase>
      <testcase name="Test Cases/TOYOTA/Main_Toyota_TestCase - AllSprints" classname="Test Cases/TOYOTA/Main_Toyota_TestCase - AllSprints" status="PASSED">
         <system-out><![CDATA[2018-10-02 08:20:00 - [TEST_CASE][PASSED] - Test Cases/TOYOTA/Main_Toyota_TestCase - AllSprints: Test Cases/TOYOTA/Main_Toyota_TestCase - AllSprints

2018-10-02 08:20:00 - [TEST_STEP][PASSED] - callTestCase: Call Test Case 'Test Cases/TOYOTA/Library_TestCase/Setup_Method_And_Variables - V1' successfully

2018-10-02 08:20:00 - [TEST_CASE][PASSED] - Test Cases/TOYOTA/Library_TestCase/Setup_Method_And_Variables - V1: Test Cases/TOYOTA/Library_TestCase/Setup_Method_And_Variables - V1

2018-10-02 08:20:00 - [TEST_STEP][PASSED] - Statement - If (!(Setup_Interval == "")): null

2018-10-02 08:20:00 - [TEST_STEP][PASSED] - Statement - If (!(Setup_WorkshopStart == "")): null

2018-10-02 08:20:00 - [TEST_STEP][PASSED] - Statement - If (!(Setup_WorkshopEnd == "")): null

2018-10-02 08:20:00 - [TEST_STEP][PASSED] - Statement - If (!(Setup_Dealer_Code == "")): null

2018-10-02 08:20:00 - [TEST_STEP][PASSED] - Statement - If (!(Setup_Location_Code == "")): null

2018-10-02 08:20:00 - [TEST_STEP][PASSED] - Statement - If (!(Setup_VIN == "")): null

2018-10-02 08:20:00 - [TEST_STEP][PASSED] - Statement - If (!(Setup_REGNumber == "")): null

2018-10-02 08:20:00 - [TEST_STEP][PASSED] - Statement - If (!(Setup_FirstName == "")): null

2018-10-02 08:20:00 - [TEST_STEP][PASSED] - Statement - If (!(Setup_LastName == "")): null

2018-10-02 08:20:00 - [TEST_STEP][PASSED] - Statement - If (!(Setup_TotalPrice == "")): null

2018-10-02 08:20:00 - [TEST_STEP][PASSED] - Statement - If (!(Setup_TotalDuration == "")): null

2018-10-02 08:20:00 - [TEST_STEP][PASSED] - Statement - If (!(Setup_StartDropDate == "")): null

2018-10-02 08:20:00 - [TEST_STEP][PASSED] - Statement - If (!(Setup_EndDropDate == "")): null

2018-10-02 08:20:00 - [TEST_STEP][PASSED] - Statement - If (!(Setup_StartSearchDate == "")): null

2018-10-02 08:20:00 - [TEST_STEP][PASSED] - Statement - If (!(Setup_EndSearchDate == "")): null

2018-10-02 08:20:00 - [TEST_STEP][PASSED] - Statement - If (!(Setup_Duration == "")): null

2018-10-02 08:20:00 - [TEST_STEP][PASSED] - Statement - If (!(Setup_ServiceDate == "")): null

2018-10-02 08:20:00 - [TEST_STEP][PASSED] - Statement - If (!(Setup_StartDropDate == "")): null

2018-10-02 08:20:00 - [TEST_STEP][PASSED] - Statement - If (!(Setup_EndDropDate == "")): null

2018-10-02 08:20:00 - [TEST_STEP][PASSED] - Statement - If (!(Setup_StartSearchDate == "")): null

2018-10-02 08:20:00 - [TEST_STEP][PASSED] - Statement - If (!(Setup_EndSearchDate == "")): null

2018-10-02 08:20:00 - [TEST_STEP][PASSED] - Statement - If (!(Setup_BookingId == "")): null

2018-10-02 08:20:00 - [TEST_STEP][PASSED] - Statement - If (!(Setup_ServiceType == "")): null

2018-10-02 08:20:00 - [TEST_STEP][PASSED] - Statement - SetDate = { java.util.Date current_time, int number_month, int number_day -> ... }: null

2018-10-02 08:20:00 - [TEST_STEP][PASSED] - Statement - RandomNumber = { int number -> ... }: null

2018-10-02 08:20:00 - [TEST_STEP][PASSED] - Statement - today = new java.util.Date(): null

2018-10-02 08:20:00 - [TEST_STEP][PASSED] - Statement - current_date = today.format("YYYY-MM-dd"): null

2018-10-02 08:20:00 - [TEST_STEP][PASSED] - Statement - Glb_Current_Date = current_date: null

2018-10-02 08:20:00 - [TEST_STEP][PASSED] - Statement - If (Glb_ServiceDate.toString().toLowerCase() == "cr"): null

2018-10-02 08:20:00 - [TEST_STEP][PASSED] - Statement - If (Glb_StartDate.toString().toLowerCase() == "cr"): null

2018-10-02 08:20:00 - [TEST_STEP][PASSED] - Statement - If (Glb_EndDate.toString().toLowerCase() == "cr"): null

2018-10-02 08:20:00 - [TEST_STEP][PASSED] - Statement - If (Glb_StartSearchDate.toString().toLowerCase() == "cr"): null

2018-10-02 08:20:00 - [TEST_STEP][PASSED] - Statement - If (Glb_EndSearchDate.toString().toLowerCase() == "cr"): null

2018-10-02 08:20:00 - [TEST_STEP][PASSED] - Statement - Glb_ContactId = "1901" + RandomNumber.call(999999): null

2018-10-02 08:20:00 - [MESSAGE][PASSED] - Call Test Case 'Test Cases/TOYOTA/Library_TestCase/Setup_Method_And_Variables - V1' successfully

2018-10-02 08:20:00 - [TEST_STEP][PASSED] - Statement - If (var_Status_OpCode == "true"): null

2018-10-02 08:20:00 - [TEST_STEP][PASSED] - Statement - If (var_Status_GetOffTime == "true"): null

2018-10-02 08:20:00 - [TEST_STEP][PASSED] - Statement - If (var_Status_PickupTime == "true"): Call Test Case 'Test Cases/TOYOTA/Library_TestCase/Toyota_GetPickUpTimes_JSON - V1' successfully

2018-10-02 08:20:00 - [TEST_STEP][PASSED] - callTestCase: Call Test Case 'Test Cases/TOYOTA/Library_TestCase/Toyota_GetPickUpTimes_JSON - V1' successfully

2018-10-02 08:20:00 - [TEST_CASE][PASSED] - Test Cases/TOYOTA/Library_TestCase/Toyota_GetPickUpTimes_JSON - V1: Test Cases/TOYOTA/Library_TestCase/Toyota_GetPickUpTimes_JSON - V1

2018-10-02 08:20:00 - [TEST_STEP][PASSED] - Statement - ConvertString_toDate = { java.lang.String Date_Str, java.lang.String format -> ... }: null

2018-10-02 08:20:00 - [TEST_STEP][PASSED] - Statement - GetPickupTime = com.kms.katalon.core.testobject.ObjectRepository.findTestObject(Toyota/GetPickUpTimes_JSON, [Service_Date:internal.GlobalVariable.Glb_ServiceDate, Drop_Off_Time:internal.GlobalVariable.Glb_DropOffTime, ServiceBay_Time:internal.GlobalVariable.Glb_ServiceBay_Type, ... ]): Finding Test Object with id 'Object Repository/Toyota/GetPickUpTimes_JSON'

2018-10-02 08:20:00 - [TEST_STEP][PASSED] - Statement - GetPickupTime.getHttpHeaderProperties().add(new com.kms.katalon.core.testobject.TestObjectProperty(Authorization, com.kms.katalon.core.testobject.ConditionType.EQUALS, (Basic  + internal.GlobalVariable.Glb_Authorization_Token))): null

2018-10-02 08:20:00 - [TEST_STEP][PASSED] - Statement - res_GetPickupTime = com.kms.katalon.core.webservice.keyword.WSBuiltInKeywords.sendRequest(GetPickupTime): Send request successfully

2018-10-02 08:20:00 - [MESSAGE][PASSED] - Send request successfully

2018-10-02 08:20:00 - [TEST_STEP][PASSED] - Statement - Service_Date = java.util.Date.parse("yyyy-MM-dd", Glb_ServiceDate): null

2018-10-02 08:20:00 - [TEST_STEP][PASSED] - Statement - current = java.util.Date.parse("yyyy-MM-dd", Glb_Current_Date): null

2018-10-02 08:20:00 - [TEST_STEP][PASSED] - Statement - DropOffTime = java.util.Date.parse("HH:mm", Glb_DropOffTime): null

2018-10-02 08:20:00 - [TEST_STEP][PASSED] - Statement - Duration = Glb_Duration_Time: null

2018-10-02 08:20:00 - [TEST_STEP][PASSED] - Statement - Start_WS_Str = "0" + Glb_WorkshopStart + ":00": null

2018-10-02 08:20:00 - [TEST_STEP][PASSED] - Statement - Start_WS_Hr = ConvertString_toDate.call(Start_WS_Str, "HH:mm"): null

2018-10-02 08:20:00 - [TEST_STEP][PASSED] - Statement - End_WS_Str = Glb_WorkshopEnd + ":00": null

2018-10-02 08:20:00 - [TEST_STEP][PASSED] - Statement - End_WS_Hr = ConvertString_toDate.call(End_WS_Str, "HH:mm"): null

2018-10-02 08:20:00 - [TEST_STEP][PASSED] - Statement - duration_hours = <not implemented yet for class: org.codehaus.groovy.ast.expr.EmptyExpression>: null

2018-10-02 08:20:00 - [TEST_STEP][PASSED] - Statement - use(groovy.time.TimeCategory, { -> ... }): null

2018-10-02 08:20:00 - [TEST_STEP][PASSED] - Statement - If (!(Glb_Dealer_Code == "765A")): null

2018-10-02 08:20:00 - [TEST_STEP][PASSED] - verifyResponseStatusCode: Verify response status code successfully

2018-10-02 08:20:00 - [MESSAGE][PASSED] - Verify response status code successfully

2018-10-02 08:20:00 - [TEST_STEP][PASSED] - Statement - res_Text = new groovy.json.JsonSlurper().parseText(response.getResponseText()): null

2018-10-02 08:20:00 - [TEST_STEP][PASSED] - Statement - If (!(ExpectedMessage == "")): null

2018-10-02 08:20:00 - [MESSAGE][PASSED] - Call Test Case 'Test Cases/TOYOTA/Library_TestCase/Toyota_GetPickUpTimes_JSON - V1' successfully

2018-10-02 08:20:00 - [TEST_STEP][PASSED] - Statement - If (var_Status_ReservedTimeslot == "true"): null

2018-10-02 08:20:00 - [TEST_STEP][PASSED] - Statement - If (var_Status_GetTransport == "true"): null

2018-10-02 08:20:00 - [TEST_STEP][PASSED] - Statement - If (var_Status_MakeBooking == "true"): null

2018-10-02 08:20:00 - [TEST_STEP][PASSED] - Statement - If (var_Status_SearchBooking == "true"): null

2018-10-02 08:20:00 - [TEST_STEP][PASSED] - Statement - If (var_Status_GetBookingDetail == "true"): null

2018-10-02 08:20:00 - [TEST_STEP][PASSED] - Statement - If (var_Status_ChangeBooking == "true"): null

2018-10-02 08:20:00 - [TEST_STEP][PASSED] - Statement - If (var_Status_CancelBooking == "true"): null]]></system-out>
         <system-err><![CDATA[]]></system-err>
      </testcase>
      <testcase name="Test Cases/TOYOTA/Main_Toyota_TestCase - AllSprints" classname="Test Cases/TOYOTA/Main_Toyota_TestCase - AllSprints" status="PASSED">
         <system-out><![CDATA[2018-10-02 08:20:00 - [TEST_CASE][PASSED] - Test Cases/TOYOTA/Main_Toyota_TestCase - AllSprints: Test Cases/TOYOTA/Main_Toyota_TestCase - AllSprints

2018-10-02 08:20:00 - [TEST_STEP][PASSED] - callTestCase: Call Test Case 'Test Cases/TOYOTA/Library_TestCase/Setup_Method_And_Variables - V1' successfully

2018-10-02 08:20:00 - [TEST_CASE][PASSED] - Test Cases/TOYOTA/Library_TestCase/Setup_Method_And_Variables - V1: Test Cases/TOYOTA/Library_TestCase/Setup_Method_And_Variables - V1

2018-10-02 08:20:00 - [TEST_STEP][PASSED] - Statement - If (!(Setup_Interval == "")): null

2018-10-02 08:20:00 - [TEST_STEP][PASSED] - Statement - If (!(Setup_WorkshopStart == "")): null

2018-10-02 08:20:00 - [TEST_STEP][PASSED] - Statement - If (!(Setup_WorkshopEnd == "")): null

2018-10-02 08:20:00 - [TEST_STEP][PASSED] - Statement - If (!(Setup_Dealer_Code == "")): null

2018-10-02 08:20:00 - [TEST_STEP][PASSED] - Statement - If (!(Setup_Location_Code == "")): null

2018-10-02 08:20:00 - [TEST_STEP][PASSED] - Statement - If (!(Setup_VIN == "")): null

2018-10-02 08:20:00 - [TEST_STEP][PASSED] - Statement - If (!(Setup_REGNumber == "")): null

2018-10-02 08:20:00 - [TEST_STEP][PASSED] - Statement - If (!(Setup_FirstName == "")): null

2018-10-02 08:20:00 - [TEST_STEP][PASSED] - Statement - If (!(Setup_LastName == "")): null

2018-10-02 08:20:00 - [TEST_STEP][PASSED] - Statement - If (!(Setup_TotalPrice == "")): null

2018-10-02 08:20:00 - [TEST_STEP][PASSED] - Statement - If (!(Setup_TotalDuration == "")): null

2018-10-02 08:20:00 - [TEST_STEP][PASSED] - Statement - If (!(Setup_StartDropDate == "")): null

2018-10-02 08:20:00 - [TEST_STEP][PASSED] - Statement - If (!(Setup_EndDropDate == "")): null

2018-10-02 08:20:00 - [TEST_STEP][PASSED] - Statement - If (!(Setup_StartSearchDate == "")): null

2018-10-02 08:20:00 - [TEST_STEP][PASSED] - Statement - If (!(Setup_EndSearchDate == "")): null

2018-10-02 08:20:00 - [TEST_STEP][PASSED] - Statement - If (!(Setup_Duration == "")): null

2018-10-02 08:20:00 - [TEST_STEP][PASSED] - Statement - If (!(Setup_ServiceDate == "")): null

2018-10-02 08:20:00 - [TEST_STEP][PASSED] - Statement - If (!(Setup_StartDropDate == "")): null

2018-10-02 08:20:00 - [TEST_STEP][PASSED] - Statement - If (!(Setup_EndDropDate == "")): null

2018-10-02 08:20:00 - [TEST_STEP][PASSED] - Statement - If (!(Setup_StartSearchDate == "")): null

2018-10-02 08:20:00 - [TEST_STEP][PASSED] - Statement - If (!(Setup_EndSearchDate == "")): null

2018-10-02 08:20:00 - [TEST_STEP][PASSED] - Statement - If (!(Setup_BookingId == "")): null

2018-10-02 08:20:00 - [TEST_STEP][PASSED] - Statement - If (!(Setup_ServiceType == "")): null

2018-10-02 08:20:00 - [TEST_STEP][PASSED] - Statement - SetDate = { java.util.Date current_time, int number_month, int number_day -> ... }: null

2018-10-02 08:20:00 - [TEST_STEP][PASSED] - Statement - RandomNumber = { int number -> ... }: null

2018-10-02 08:20:00 - [TEST_STEP][PASSED] - Statement - today = new java.util.Date(): null

2018-10-02 08:20:00 - [TEST_STEP][PASSED] - Statement - current_date = today.format("YYYY-MM-dd"): null

2018-10-02 08:20:00 - [TEST_STEP][PASSED] - Statement - Glb_Current_Date = current_date: null

2018-10-02 08:20:00 - [TEST_STEP][PASSED] - Statement - If (Glb_ServiceDate.toString().toLowerCase() == "cr"): null

2018-10-02 08:20:00 - [TEST_STEP][PASSED] - Statement - If (Glb_StartDate.toString().toLowerCase() == "cr"): null

2018-10-02 08:20:00 - [TEST_STEP][PASSED] - Statement - If (Glb_EndDate.toString().toLowerCase() == "cr"): null

2018-10-02 08:20:00 - [TEST_STEP][PASSED] - Statement - If (Glb_StartSearchDate.toString().toLowerCase() == "cr"): null

2018-10-02 08:20:00 - [TEST_STEP][PASSED] - Statement - If (Glb_EndSearchDate.toString().toLowerCase() == "cr"): null

2018-10-02 08:20:00 - [TEST_STEP][PASSED] - Statement - Glb_ContactId = "1901" + RandomNumber.call(999999): null

2018-10-02 08:20:00 - [MESSAGE][PASSED] - Call Test Case 'Test Cases/TOYOTA/Library_TestCase/Setup_Method_And_Variables - V1' successfully

2018-10-02 08:20:00 - [TEST_STEP][PASSED] - Statement - If (var_Status_OpCode == "true"): null

2018-10-02 08:20:00 - [TEST_STEP][PASSED] - Statement - If (var_Status_GetOffTime == "true"): null

2018-10-02 08:20:00 - [TEST_STEP][PASSED] - Statement - If (var_Status_PickupTime == "true"): Call Test Case 'Test Cases/TOYOTA/Library_TestCase/Toyota_GetPickUpTimes_JSON - V1' successfully

2018-10-02 08:20:00 - [TEST_STEP][PASSED] - callTestCase: Call Test Case 'Test Cases/TOYOTA/Library_TestCase/Toyota_GetPickUpTimes_JSON - V1' successfully

2018-10-02 08:20:01 - [TEST_CASE][PASSED] - Test Cases/TOYOTA/Library_TestCase/Toyota_GetPickUpTimes_JSON - V1: Test Cases/TOYOTA/Library_TestCase/Toyota_GetPickUpTimes_JSON - V1

2018-10-02 08:20:01 - [TEST_STEP][PASSED] - Statement - ConvertString_toDate = { java.lang.String Date_Str, java.lang.String format -> ... }: null

2018-10-02 08:20:01 - [TEST_STEP][PASSED] - Statement - GetPickupTime = com.kms.katalon.core.testobject.ObjectRepository.findTestObject(Toyota/GetPickUpTimes_JSON, [Service_Date:internal.GlobalVariable.Glb_ServiceDate, Drop_Off_Time:internal.GlobalVariable.Glb_DropOffTime, ServiceBay_Time:internal.GlobalVariable.Glb_ServiceBay_Type, ... ]): Finding Test Object with id 'Object Repository/Toyota/GetPickUpTimes_JSON'

2018-10-02 08:20:01 - [TEST_STEP][PASSED] - Statement - GetPickupTime.getHttpHeaderProperties().add(new com.kms.katalon.core.testobject.TestObjectProperty(Authorization, com.kms.katalon.core.testobject.ConditionType.EQUALS, (Basic  + internal.GlobalVariable.Glb_Authorization_Token))): null

2018-10-02 08:20:01 - [TEST_STEP][PASSED] - Statement - res_GetPickupTime = com.kms.katalon.core.webservice.keyword.WSBuiltInKeywords.sendRequest(GetPickupTime): Send request successfully

2018-10-02 08:20:01 - [MESSAGE][PASSED] - Send request successfully

2018-10-02 08:20:01 - [TEST_STEP][PASSED] - Statement - Service_Date = java.util.Date.parse("yyyy-MM-dd", Glb_ServiceDate): null

2018-10-02 08:20:01 - [TEST_STEP][PASSED] - Statement - current = java.util.Date.parse("yyyy-MM-dd", Glb_Current_Date): null

2018-10-02 08:20:01 - [TEST_STEP][PASSED] - Statement - DropOffTime = java.util.Date.parse("HH:mm", Glb_DropOffTime): null

2018-10-02 08:20:01 - [TEST_STEP][PASSED] - Statement - Duration = Glb_Duration_Time: null

2018-10-02 08:20:01 - [TEST_STEP][PASSED] - Statement - Start_WS_Str = "0" + Glb_WorkshopStart + ":00": null

2018-10-02 08:20:01 - [TEST_STEP][PASSED] - Statement - Start_WS_Hr = ConvertString_toDate.call(Start_WS_Str, "HH:mm"): null

2018-10-02 08:20:01 - [TEST_STEP][PASSED] - Statement - End_WS_Str = Glb_WorkshopEnd + ":00": null

2018-10-02 08:20:01 - [TEST_STEP][PASSED] - Statement - End_WS_Hr = ConvertString_toDate.call(End_WS_Str, "HH:mm"): null

2018-10-02 08:20:01 - [TEST_STEP][PASSED] - Statement - duration_hours = <not implemented yet for class: org.codehaus.groovy.ast.expr.EmptyExpression>: null

2018-10-02 08:20:01 - [TEST_STEP][PASSED] - Statement - use(groovy.time.TimeCategory, { -> ... }): null

2018-10-02 08:20:01 - [TEST_STEP][PASSED] - Statement - If (!(Glb_Dealer_Code == "765A")): null

2018-10-02 08:20:01 - [TEST_STEP][PASSED] - verifyResponseStatusCode: Verify response status code successfully

2018-10-02 08:20:01 - [MESSAGE][PASSED] - Verify response status code successfully

2018-10-02 08:20:01 - [TEST_STEP][PASSED] - Statement - res_Text = new groovy.json.JsonSlurper().parseText(response.getResponseText()): null

2018-10-02 08:20:01 - [TEST_STEP][PASSED] - Statement - If (!(ExpectedMessage == "")): null

2018-10-02 08:20:01 - [MESSAGE][PASSED] - Call Test Case 'Test Cases/TOYOTA/Library_TestCase/Toyota_GetPickUpTimes_JSON - V1' successfully

2018-10-02 08:20:01 - [TEST_STEP][PASSED] - Statement - If (var_Status_ReservedTimeslot == "true"): null

2018-10-02 08:20:01 - [TEST_STEP][PASSED] - Statement - If (var_Status_GetTransport == "true"): null

2018-10-02 08:20:01 - [TEST_STEP][PASSED] - Statement - If (var_Status_MakeBooking == "true"): null

2018-10-02 08:20:01 - [TEST_STEP][PASSED] - Statement - If (var_Status_SearchBooking == "true"): null

2018-10-02 08:20:01 - [TEST_STEP][PASSED] - Statement - If (var_Status_GetBookingDetail == "true"): null

2018-10-02 08:20:01 - [TEST_STEP][PASSED] - Statement - If (var_Status_ChangeBooking == "true"): null

2018-10-02 08:20:01 - [TEST_STEP][PASSED] - Statement - If (var_Status_CancelBooking == "true"): null]]></system-out>
         <system-err><![CDATA[]]></system-err>
      </testcase>
      <testcase name="Test Cases/TOYOTA/Main_Toyota_TestCase - AllSprints" classname="Test Cases/TOYOTA/Main_Toyota_TestCase - AllSprints" status="PASSED">
         <system-out><![CDATA[2018-10-02 08:20:01 - [TEST_CASE][PASSED] - Test Cases/TOYOTA/Main_Toyota_TestCase - AllSprints: Test Cases/TOYOTA/Main_Toyota_TestCase - AllSprints

2018-10-02 08:20:01 - [TEST_STEP][PASSED] - callTestCase: Call Test Case 'Test Cases/TOYOTA/Library_TestCase/Setup_Method_And_Variables - V1' successfully

2018-10-02 08:20:01 - [TEST_CASE][PASSED] - Test Cases/TOYOTA/Library_TestCase/Setup_Method_And_Variables - V1: Test Cases/TOYOTA/Library_TestCase/Setup_Method_And_Variables - V1

2018-10-02 08:20:01 - [TEST_STEP][PASSED] - Statement - If (!(Setup_Interval == "")): null

2018-10-02 08:20:01 - [TEST_STEP][PASSED] - Statement - If (!(Setup_WorkshopStart == "")): null

2018-10-02 08:20:01 - [TEST_STEP][PASSED] - Statement - If (!(Setup_WorkshopEnd == "")): null

2018-10-02 08:20:01 - [TEST_STEP][PASSED] - Statement - If (!(Setup_Dealer_Code == "")): null

2018-10-02 08:20:01 - [TEST_STEP][PASSED] - Statement - If (!(Setup_Location_Code == "")): null

2018-10-02 08:20:01 - [TEST_STEP][PASSED] - Statement - If (!(Setup_VIN == "")): null

2018-10-02 08:20:01 - [TEST_STEP][PASSED] - Statement - If (!(Setup_REGNumber == "")): null

2018-10-02 08:20:01 - [TEST_STEP][PASSED] - Statement - If (!(Setup_FirstName == "")): null

2018-10-02 08:20:01 - [TEST_STEP][PASSED] - Statement - If (!(Setup_LastName == "")): null

2018-10-02 08:20:01 - [TEST_STEP][PASSED] - Statement - If (!(Setup_TotalPrice == "")): null

2018-10-02 08:20:01 - [TEST_STEP][PASSED] - Statement - If (!(Setup_TotalDuration == "")): null

2018-10-02 08:20:01 - [TEST_STEP][PASSED] - Statement - If (!(Setup_StartDropDate == "")): null

2018-10-02 08:20:01 - [TEST_STEP][PASSED] - Statement - If (!(Setup_EndDropDate == "")): null

2018-10-02 08:20:01 - [TEST_STEP][PASSED] - Statement - If (!(Setup_StartSearchDate == "")): null

2018-10-02 08:20:01 - [TEST_STEP][PASSED] - Statement - If (!(Setup_EndSearchDate == "")): null

2018-10-02 08:20:01 - [TEST_STEP][PASSED] - Statement - If (!(Setup_Duration == "")): null

2018-10-02 08:20:01 - [TEST_STEP][PASSED] - Statement - If (!(Setup_ServiceDate == "")): null

2018-10-02 08:20:01 - [TEST_STEP][PASSED] - Statement - If (!(Setup_StartDropDate == "")): null

2018-10-02 08:20:01 - [TEST_STEP][PASSED] - Statement - If (!(Setup_EndDropDate == "")): null

2018-10-02 08:20:01 - [TEST_STEP][PASSED] - Statement - If (!(Setup_StartSearchDate == "")): null

2018-10-02 08:20:01 - [TEST_STEP][PASSED] - Statement - If (!(Setup_EndSearchDate == "")): null

2018-10-02 08:20:01 - [TEST_STEP][PASSED] - Statement - If (!(Setup_BookingId == "")): null

2018-10-02 08:20:01 - [TEST_STEP][PASSED] - Statement - If (!(Setup_ServiceType == "")): null

2018-10-02 08:20:01 - [TEST_STEP][PASSED] - Statement - SetDate = { java.util.Date current_time, int number_month, int number_day -> ... }: null

2018-10-02 08:20:01 - [TEST_STEP][PASSED] - Statement - RandomNumber = { int number -> ... }: null

2018-10-02 08:20:01 - [TEST_STEP][PASSED] - Statement - today = new java.util.Date(): null

2018-10-02 08:20:01 - [TEST_STEP][PASSED] - Statement - current_date = today.format("YYYY-MM-dd"): null

2018-10-02 08:20:01 - [TEST_STEP][PASSED] - Statement - Glb_Current_Date = current_date: null

2018-10-02 08:20:01 - [TEST_STEP][PASSED] - Statement - If (Glb_ServiceDate.toString().toLowerCase() == "cr"): null

2018-10-02 08:20:01 - [TEST_STEP][PASSED] - Statement - If (Glb_StartDate.toString().toLowerCase() == "cr"): null

2018-10-02 08:20:01 - [TEST_STEP][PASSED] - Statement - If (Glb_EndDate.toString().toLowerCase() == "cr"): null

2018-10-02 08:20:01 - [TEST_STEP][PASSED] - Statement - If (Glb_StartSearchDate.toString().toLowerCase() == "cr"): null

2018-10-02 08:20:01 - [TEST_STEP][PASSED] - Statement - If (Glb_EndSearchDate.toString().toLowerCase() == "cr"): null

2018-10-02 08:20:01 - [TEST_STEP][PASSED] - Statement - Glb_ContactId = "1901" + RandomNumber.call(999999): null

2018-10-02 08:20:01 - [MESSAGE][PASSED] - Call Test Case 'Test Cases/TOYOTA/Library_TestCase/Setup_Method_And_Variables - V1' successfully

2018-10-02 08:20:01 - [TEST_STEP][PASSED] - Statement - If (var_Status_OpCode == "true"): null

2018-10-02 08:20:01 - [TEST_STEP][PASSED] - Statement - If (var_Status_GetOffTime == "true"): null

2018-10-02 08:20:01 - [TEST_STEP][PASSED] - Statement - If (var_Status_PickupTime == "true"): Call Test Case 'Test Cases/TOYOTA/Library_TestCase/Toyota_GetPickUpTimes_JSON - V1' successfully

2018-10-02 08:20:01 - [TEST_STEP][PASSED] - callTestCase: Call Test Case 'Test Cases/TOYOTA/Library_TestCase/Toyota_GetPickUpTimes_JSON - V1' successfully

2018-10-02 08:20:01 - [TEST_CASE][PASSED] - Test Cases/TOYOTA/Library_TestCase/Toyota_GetPickUpTimes_JSON - V1: Test Cases/TOYOTA/Library_TestCase/Toyota_GetPickUpTimes_JSON - V1

2018-10-02 08:20:01 - [TEST_STEP][PASSED] - Statement - ConvertString_toDate = { java.lang.String Date_Str, java.lang.String format -> ... }: null

2018-10-02 08:20:01 - [TEST_STEP][PASSED] - Statement - GetPickupTime = com.kms.katalon.core.testobject.ObjectRepository.findTestObject(Toyota/GetPickUpTimes_JSON, [Service_Date:internal.GlobalVariable.Glb_ServiceDate, Drop_Off_Time:internal.GlobalVariable.Glb_DropOffTime, ServiceBay_Time:internal.GlobalVariable.Glb_ServiceBay_Type, ... ]): Finding Test Object with id 'Object Repository/Toyota/GetPickUpTimes_JSON'

2018-10-02 08:20:01 - [TEST_STEP][PASSED] - Statement - GetPickupTime.getHttpHeaderProperties().add(new com.kms.katalon.core.testobject.TestObjectProperty(Authorization, com.kms.katalon.core.testobject.ConditionType.EQUALS, (Basic  + internal.GlobalVariable.Glb_Authorization_Token))): null

2018-10-02 08:20:01 - [TEST_STEP][PASSED] - Statement - res_GetPickupTime = com.kms.katalon.core.webservice.keyword.WSBuiltInKeywords.sendRequest(GetPickupTime): Send request successfully

2018-10-02 08:20:01 - [MESSAGE][PASSED] - Send request successfully

2018-10-02 08:20:01 - [TEST_STEP][PASSED] - Statement - Service_Date = java.util.Date.parse("yyyy-MM-dd", Glb_ServiceDate): null

2018-10-02 08:20:01 - [TEST_STEP][PASSED] - Statement - current = java.util.Date.parse("yyyy-MM-dd", Glb_Current_Date): null

2018-10-02 08:20:01 - [TEST_STEP][PASSED] - Statement - DropOffTime = java.util.Date.parse("HH:mm", Glb_DropOffTime): null

2018-10-02 08:20:01 - [TEST_STEP][PASSED] - Statement - Duration = Glb_Duration_Time: null

2018-10-02 08:20:01 - [TEST_STEP][PASSED] - Statement - Start_WS_Str = "0" + Glb_WorkshopStart + ":00": null

2018-10-02 08:20:01 - [TEST_STEP][PASSED] - Statement - Start_WS_Hr = ConvertString_toDate.call(Start_WS_Str, "HH:mm"): null

2018-10-02 08:20:01 - [TEST_STEP][PASSED] - Statement - End_WS_Str = Glb_WorkshopEnd + ":00": null

2018-10-02 08:20:01 - [TEST_STEP][PASSED] - Statement - End_WS_Hr = ConvertString_toDate.call(End_WS_Str, "HH:mm"): null

2018-10-02 08:20:01 - [TEST_STEP][PASSED] - Statement - duration_hours = <not implemented yet for class: org.codehaus.groovy.ast.expr.EmptyExpression>: null

2018-10-02 08:20:01 - [TEST_STEP][PASSED] - Statement - use(groovy.time.TimeCategory, { -> ... }): null

2018-10-02 08:20:01 - [TEST_STEP][PASSED] - Statement - If (!(Glb_Dealer_Code == "765A")): null

2018-10-02 08:20:01 - [TEST_STEP][PASSED] - verifyResponseStatusCode: Verify response status code successfully

2018-10-02 08:20:01 - [MESSAGE][PASSED] - Verify response status code successfully

2018-10-02 08:20:01 - [TEST_STEP][PASSED] - Statement - res_Text = new groovy.json.JsonSlurper().parseText(response.getResponseText()): null

2018-10-02 08:20:01 - [TEST_STEP][PASSED] - Statement - If (!(ExpectedMessage == "")): null

2018-10-02 08:20:01 - [MESSAGE][PASSED] - Call Test Case 'Test Cases/TOYOTA/Library_TestCase/Toyota_GetPickUpTimes_JSON - V1' successfully

2018-10-02 08:20:01 - [TEST_STEP][PASSED] - Statement - If (var_Status_ReservedTimeslot == "true"): null

2018-10-02 08:20:01 - [TEST_STEP][PASSED] - Statement - If (var_Status_GetTransport == "true"): null

2018-10-02 08:20:01 - [TEST_STEP][PASSED] - Statement - If (var_Status_MakeBooking == "true"): null

2018-10-02 08:20:01 - [TEST_STEP][PASSED] - Statement - If (var_Status_SearchBooking == "true"): null

2018-10-02 08:20:01 - [TEST_STEP][PASSED] - Statement - If (var_Status_GetBookingDetail == "true"): null

2018-10-02 08:20:01 - [TEST_STEP][PASSED] - Statement - If (var_Status_ChangeBooking == "true"): null

2018-10-02 08:20:01 - [TEST_STEP][PASSED] - Statement - If (var_Status_CancelBooking == "true"): null]]></system-out>
         <system-err><![CDATA[]]></system-err>
      </testcase>
      <testcase name="Test Cases/TOYOTA/Main_Toyota_TestCase - AllSprints" classname="Test Cases/TOYOTA/Main_Toyota_TestCase - AllSprints" status="PASSED">
         <system-out><![CDATA[2018-10-02 08:20:01 - [TEST_CASE][PASSED] - Test Cases/TOYOTA/Main_Toyota_TestCase - AllSprints: Test Cases/TOYOTA/Main_Toyota_TestCase - AllSprints

2018-10-02 08:20:01 - [TEST_STEP][PASSED] - callTestCase: Call Test Case 'Test Cases/TOYOTA/Library_TestCase/Setup_Method_And_Variables - V1' successfully

2018-10-02 08:20:01 - [TEST_CASE][PASSED] - Test Cases/TOYOTA/Library_TestCase/Setup_Method_And_Variables - V1: Test Cases/TOYOTA/Library_TestCase/Setup_Method_And_Variables - V1

2018-10-02 08:20:01 - [TEST_STEP][PASSED] - Statement - If (!(Setup_Interval == "")): null

2018-10-02 08:20:01 - [TEST_STEP][PASSED] - Statement - If (!(Setup_WorkshopStart == "")): null

2018-10-02 08:20:01 - [TEST_STEP][PASSED] - Statement - If (!(Setup_WorkshopEnd == "")): null

2018-10-02 08:20:01 - [TEST_STEP][PASSED] - Statement - If (!(Setup_Dealer_Code == "")): null

2018-10-02 08:20:01 - [TEST_STEP][PASSED] - Statement - If (!(Setup_Location_Code == "")): null

2018-10-02 08:20:01 - [TEST_STEP][PASSED] - Statement - If (!(Setup_VIN == "")): null

2018-10-02 08:20:01 - [TEST_STEP][PASSED] - Statement - If (!(Setup_REGNumber == "")): null

2018-10-02 08:20:01 - [TEST_STEP][PASSED] - Statement - If (!(Setup_FirstName == "")): null

2018-10-02 08:20:01 - [TEST_STEP][PASSED] - Statement - If (!(Setup_LastName == "")): null

2018-10-02 08:20:01 - [TEST_STEP][PASSED] - Statement - If (!(Setup_TotalPrice == "")): null

2018-10-02 08:20:01 - [TEST_STEP][PASSED] - Statement - If (!(Setup_TotalDuration == "")): null

2018-10-02 08:20:01 - [TEST_STEP][PASSED] - Statement - If (!(Setup_StartDropDate == "")): null

2018-10-02 08:20:01 - [TEST_STEP][PASSED] - Statement - If (!(Setup_EndDropDate == "")): null

2018-10-02 08:20:01 - [TEST_STEP][PASSED] - Statement - If (!(Setup_StartSearchDate == "")): null

2018-10-02 08:20:01 - [TEST_STEP][PASSED] - Statement - If (!(Setup_EndSearchDate == "")): null

2018-10-02 08:20:01 - [TEST_STEP][PASSED] - Statement - If (!(Setup_Duration == "")): null

2018-10-02 08:20:01 - [TEST_STEP][PASSED] - Statement - If (!(Setup_ServiceDate == "")): null

2018-10-02 08:20:01 - [TEST_STEP][PASSED] - Statement - If (!(Setup_StartDropDate == "")): null

2018-10-02 08:20:01 - [TEST_STEP][PASSED] - Statement - If (!(Setup_EndDropDate == "")): null

2018-10-02 08:20:01 - [TEST_STEP][PASSED] - Statement - If (!(Setup_StartSearchDate == "")): null

2018-10-02 08:20:01 - [TEST_STEP][PASSED] - Statement - If (!(Setup_EndSearchDate == "")): null

2018-10-02 08:20:01 - [TEST_STEP][PASSED] - Statement - If (!(Setup_BookingId == "")): null

2018-10-02 08:20:01 - [TEST_STEP][PASSED] - Statement - If (!(Setup_ServiceType == "")): null

2018-10-02 08:20:01 - [TEST_STEP][PASSED] - Statement - SetDate = { java.util.Date current_time, int number_month, int number_day -> ... }: null

2018-10-02 08:20:01 - [TEST_STEP][PASSED] - Statement - RandomNumber = { int number -> ... }: null

2018-10-02 08:20:01 - [TEST_STEP][PASSED] - Statement - today = new java.util.Date(): null

2018-10-02 08:20:01 - [TEST_STEP][PASSED] - Statement - current_date = today.format("YYYY-MM-dd"): null

2018-10-02 08:20:01 - [TEST_STEP][PASSED] - Statement - Glb_Current_Date = current_date: null

2018-10-02 08:20:01 - [TEST_STEP][PASSED] - Statement - If (Glb_ServiceDate.toString().toLowerCase() == "cr"): null

2018-10-02 08:20:01 - [TEST_STEP][PASSED] - Statement - If (Glb_StartDate.toString().toLowerCase() == "cr"): null

2018-10-02 08:20:01 - [TEST_STEP][PASSED] - Statement - If (Glb_EndDate.toString().toLowerCase() == "cr"): null

2018-10-02 08:20:01 - [TEST_STEP][PASSED] - Statement - If (Glb_StartSearchDate.toString().toLowerCase() == "cr"): null

2018-10-02 08:20:01 - [TEST_STEP][PASSED] - Statement - If (Glb_EndSearchDate.toString().toLowerCase() == "cr"): null

2018-10-02 08:20:01 - [TEST_STEP][PASSED] - Statement - Glb_ContactId = "1901" + RandomNumber.call(999999): null

2018-10-02 08:20:01 - [MESSAGE][PASSED] - Call Test Case 'Test Cases/TOYOTA/Library_TestCase/Setup_Method_And_Variables - V1' successfully

2018-10-02 08:20:01 - [TEST_STEP][PASSED] - Statement - If (var_Status_OpCode == "true"): null

2018-10-02 08:20:01 - [TEST_STEP][PASSED] - Statement - If (var_Status_GetOffTime == "true"): null

2018-10-02 08:20:01 - [TEST_STEP][PASSED] - Statement - If (var_Status_PickupTime == "true"): Call Test Case 'Test Cases/TOYOTA/Library_TestCase/Toyota_GetPickUpTimes_JSON - V1' successfully

2018-10-02 08:20:01 - [TEST_STEP][PASSED] - callTestCase: Call Test Case 'Test Cases/TOYOTA/Library_TestCase/Toyota_GetPickUpTimes_JSON - V1' successfully

2018-10-02 08:20:01 - [TEST_CASE][PASSED] - Test Cases/TOYOTA/Library_TestCase/Toyota_GetPickUpTimes_JSON - V1: Test Cases/TOYOTA/Library_TestCase/Toyota_GetPickUpTimes_JSON - V1

2018-10-02 08:20:01 - [TEST_STEP][PASSED] - Statement - ConvertString_toDate = { java.lang.String Date_Str, java.lang.String format -> ... }: null

2018-10-02 08:20:01 - [TEST_STEP][PASSED] - Statement - GetPickupTime = com.kms.katalon.core.testobject.ObjectRepository.findTestObject(Toyota/GetPickUpTimes_JSON, [Service_Date:internal.GlobalVariable.Glb_ServiceDate, Drop_Off_Time:internal.GlobalVariable.Glb_DropOffTime, ServiceBay_Time:internal.GlobalVariable.Glb_ServiceBay_Type, ... ]): Finding Test Object with id 'Object Repository/Toyota/GetPickUpTimes_JSON'

2018-10-02 08:20:01 - [TEST_STEP][PASSED] - Statement - GetPickupTime.getHttpHeaderProperties().add(new com.kms.katalon.core.testobject.TestObjectProperty(Authorization, com.kms.katalon.core.testobject.ConditionType.EQUALS, (Basic  + internal.GlobalVariable.Glb_Authorization_Token))): null

2018-10-02 08:20:01 - [TEST_STEP][PASSED] - Statement - res_GetPickupTime = com.kms.katalon.core.webservice.keyword.WSBuiltInKeywords.sendRequest(GetPickupTime): Send request successfully

2018-10-02 08:20:01 - [MESSAGE][PASSED] - Send request successfully

2018-10-02 08:20:01 - [TEST_STEP][PASSED] - Statement - Service_Date = java.util.Date.parse("yyyy-MM-dd", Glb_ServiceDate): null

2018-10-02 08:20:01 - [TEST_STEP][PASSED] - Statement - current = java.util.Date.parse("yyyy-MM-dd", Glb_Current_Date): null

2018-10-02 08:20:01 - [TEST_STEP][PASSED] - Statement - DropOffTime = java.util.Date.parse("HH:mm", Glb_DropOffTime): null

2018-10-02 08:20:01 - [TEST_STEP][PASSED] - Statement - Duration = Glb_Duration_Time: null

2018-10-02 08:20:01 - [TEST_STEP][PASSED] - Statement - Start_WS_Str = "0" + Glb_WorkshopStart + ":00": null

2018-10-02 08:20:01 - [TEST_STEP][PASSED] - Statement - Start_WS_Hr = ConvertString_toDate.call(Start_WS_Str, "HH:mm"): null

2018-10-02 08:20:01 - [TEST_STEP][PASSED] - Statement - End_WS_Str = Glb_WorkshopEnd + ":00": null

2018-10-02 08:20:01 - [TEST_STEP][PASSED] - Statement - End_WS_Hr = ConvertString_toDate.call(End_WS_Str, "HH:mm"): null

2018-10-02 08:20:01 - [TEST_STEP][PASSED] - Statement - duration_hours = <not implemented yet for class: org.codehaus.groovy.ast.expr.EmptyExpression>: null

2018-10-02 08:20:01 - [TEST_STEP][PASSED] - Statement - use(groovy.time.TimeCategory, { -> ... }): null

2018-10-02 08:20:01 - [TEST_STEP][PASSED] - Statement - If (!(Glb_Dealer_Code == "765A")): null

2018-10-02 08:20:01 - [TEST_STEP][PASSED] - verifyResponseStatusCode: Verify response status code successfully

2018-10-02 08:20:01 - [MESSAGE][PASSED] - Verify response status code successfully

2018-10-02 08:20:01 - [TEST_STEP][PASSED] - Statement - res_Text = new groovy.json.JsonSlurper().parseText(response.getResponseText()): null

2018-10-02 08:20:01 - [TEST_STEP][PASSED] - Statement - If (!(ExpectedMessage == "")): null

2018-10-02 08:20:01 - [MESSAGE][PASSED] - Call Test Case 'Test Cases/TOYOTA/Library_TestCase/Toyota_GetPickUpTimes_JSON - V1' successfully

2018-10-02 08:20:01 - [TEST_STEP][PASSED] - Statement - If (var_Status_ReservedTimeslot == "true"): null

2018-10-02 08:20:01 - [TEST_STEP][PASSED] - Statement - If (var_Status_GetTransport == "true"): null

2018-10-02 08:20:01 - [TEST_STEP][PASSED] - Statement - If (var_Status_MakeBooking == "true"): null

2018-10-02 08:20:01 - [TEST_STEP][PASSED] - Statement - If (var_Status_SearchBooking == "true"): null

2018-10-02 08:20:01 - [TEST_STEP][PASSED] - Statement - If (var_Status_GetBookingDetail == "true"): null

2018-10-02 08:20:01 - [TEST_STEP][PASSED] - Statement - If (var_Status_ChangeBooking == "true"): null

2018-10-02 08:20:01 - [TEST_STEP][PASSED] - Statement - If (var_Status_CancelBooking == "true"): null]]></system-out>
         <system-err><![CDATA[]]></system-err>
      </testcase>
      <testcase name="Test Cases/TOYOTA/Main_Toyota_TestCase - AllSprints" classname="Test Cases/TOYOTA/Main_Toyota_TestCase - AllSprints" status="PASSED">
         <system-out><![CDATA[2018-10-02 08:20:01 - [TEST_CASE][PASSED] - Test Cases/TOYOTA/Main_Toyota_TestCase - AllSprints: Test Cases/TOYOTA/Main_Toyota_TestCase - AllSprints

2018-10-02 08:20:01 - [TEST_STEP][PASSED] - callTestCase: Call Test Case 'Test Cases/TOYOTA/Library_TestCase/Setup_Method_And_Variables - V1' successfully

2018-10-02 08:20:01 - [TEST_CASE][PASSED] - Test Cases/TOYOTA/Library_TestCase/Setup_Method_And_Variables - V1: Test Cases/TOYOTA/Library_TestCase/Setup_Method_And_Variables - V1

2018-10-02 08:20:01 - [TEST_STEP][PASSED] - Statement - If (!(Setup_Interval == "")): null

2018-10-02 08:20:01 - [TEST_STEP][PASSED] - Statement - If (!(Setup_WorkshopStart == "")): null

2018-10-02 08:20:01 - [TEST_STEP][PASSED] - Statement - If (!(Setup_WorkshopEnd == "")): null

2018-10-02 08:20:01 - [TEST_STEP][PASSED] - Statement - If (!(Setup_Dealer_Code == "")): null

2018-10-02 08:20:01 - [TEST_STEP][PASSED] - Statement - If (!(Setup_Location_Code == "")): null

2018-10-02 08:20:01 - [TEST_STEP][PASSED] - Statement - If (!(Setup_VIN == "")): null

2018-10-02 08:20:01 - [TEST_STEP][PASSED] - Statement - If (!(Setup_REGNumber == "")): null

2018-10-02 08:20:01 - [TEST_STEP][PASSED] - Statement - If (!(Setup_FirstName == "")): null

2018-10-02 08:20:01 - [TEST_STEP][PASSED] - Statement - If (!(Setup_LastName == "")): null

2018-10-02 08:20:01 - [TEST_STEP][PASSED] - Statement - If (!(Setup_TotalPrice == "")): null

2018-10-02 08:20:01 - [TEST_STEP][PASSED] - Statement - If (!(Setup_TotalDuration == "")): null

2018-10-02 08:20:01 - [TEST_STEP][PASSED] - Statement - If (!(Setup_StartDropDate == "")): null

2018-10-02 08:20:01 - [TEST_STEP][PASSED] - Statement - If (!(Setup_EndDropDate == "")): null

2018-10-02 08:20:01 - [TEST_STEP][PASSED] - Statement - If (!(Setup_StartSearchDate == "")): null

2018-10-02 08:20:01 - [TEST_STEP][PASSED] - Statement - If (!(Setup_EndSearchDate == "")): null

2018-10-02 08:20:01 - [TEST_STEP][PASSED] - Statement - If (!(Setup_Duration == "")): null

2018-10-02 08:20:01 - [TEST_STEP][PASSED] - Statement - If (!(Setup_ServiceDate == "")): null

2018-10-02 08:20:01 - [TEST_STEP][PASSED] - Statement - If (!(Setup_StartDropDate == "")): null

2018-10-02 08:20:01 - [TEST_STEP][PASSED] - Statement - If (!(Setup_EndDropDate == "")): null

2018-10-02 08:20:01 - [TEST_STEP][PASSED] - Statement - If (!(Setup_StartSearchDate == "")): null

2018-10-02 08:20:01 - [TEST_STEP][PASSED] - Statement - If (!(Setup_EndSearchDate == "")): null

2018-10-02 08:20:01 - [TEST_STEP][PASSED] - Statement - If (!(Setup_BookingId == "")): null

2018-10-02 08:20:01 - [TEST_STEP][PASSED] - Statement - If (!(Setup_ServiceType == "")): null

2018-10-02 08:20:01 - [TEST_STEP][PASSED] - Statement - SetDate = { java.util.Date current_time, int number_month, int number_day -> ... }: null

2018-10-02 08:20:01 - [TEST_STEP][PASSED] - Statement - RandomNumber = { int number -> ... }: null

2018-10-02 08:20:01 - [TEST_STEP][PASSED] - Statement - today = new java.util.Date(): null

2018-10-02 08:20:01 - [TEST_STEP][PASSED] - Statement - current_date = today.format("YYYY-MM-dd"): null

2018-10-02 08:20:01 - [TEST_STEP][PASSED] - Statement - Glb_Current_Date = current_date: null

2018-10-02 08:20:01 - [TEST_STEP][PASSED] - Statement - If (Glb_ServiceDate.toString().toLowerCase() == "cr"): null

2018-10-02 08:20:01 - [TEST_STEP][PASSED] - Statement - If (Glb_StartDate.toString().toLowerCase() == "cr"): null

2018-10-02 08:20:01 - [TEST_STEP][PASSED] - Statement - If (Glb_EndDate.toString().toLowerCase() == "cr"): null

2018-10-02 08:20:01 - [TEST_STEP][PASSED] - Statement - If (Glb_StartSearchDate.toString().toLowerCase() == "cr"): null

2018-10-02 08:20:01 - [TEST_STEP][PASSED] - Statement - If (Glb_EndSearchDate.toString().toLowerCase() == "cr"): null

2018-10-02 08:20:01 - [TEST_STEP][PASSED] - Statement - Glb_ContactId = "1901" + RandomNumber.call(999999): null

2018-10-02 08:20:01 - [MESSAGE][PASSED] - Call Test Case 'Test Cases/TOYOTA/Library_TestCase/Setup_Method_And_Variables - V1' successfully

2018-10-02 08:20:01 - [TEST_STEP][PASSED] - Statement - If (var_Status_OpCode == "true"): null

2018-10-02 08:20:01 - [TEST_STEP][PASSED] - Statement - If (var_Status_GetOffTime == "true"): null

2018-10-02 08:20:01 - [TEST_STEP][PASSED] - Statement - If (var_Status_PickupTime == "true"): Call Test Case 'Test Cases/TOYOTA/Library_TestCase/Toyota_GetPickUpTimes_JSON - V1' successfully

2018-10-02 08:20:01 - [TEST_STEP][PASSED] - callTestCase: Call Test Case 'Test Cases/TOYOTA/Library_TestCase/Toyota_GetPickUpTimes_JSON - V1' successfully

2018-10-02 08:20:01 - [TEST_CASE][PASSED] - Test Cases/TOYOTA/Library_TestCase/Toyota_GetPickUpTimes_JSON - V1: Test Cases/TOYOTA/Library_TestCase/Toyota_GetPickUpTimes_JSON - V1

2018-10-02 08:20:01 - [TEST_STEP][PASSED] - Statement - ConvertString_toDate = { java.lang.String Date_Str, java.lang.String format -> ... }: null

2018-10-02 08:20:01 - [TEST_STEP][PASSED] - Statement - GetPickupTime = com.kms.katalon.core.testobject.ObjectRepository.findTestObject(Toyota/GetPickUpTimes_JSON, [Service_Date:internal.GlobalVariable.Glb_ServiceDate, Drop_Off_Time:internal.GlobalVariable.Glb_DropOffTime, ServiceBay_Time:internal.GlobalVariable.Glb_ServiceBay_Type, ... ]): Finding Test Object with id 'Object Repository/Toyota/GetPickUpTimes_JSON'

2018-10-02 08:20:01 - [TEST_STEP][PASSED] - Statement - GetPickupTime.getHttpHeaderProperties().add(new com.kms.katalon.core.testobject.TestObjectProperty(Authorization, com.kms.katalon.core.testobject.ConditionType.EQUALS, (Basic  + internal.GlobalVariable.Glb_Authorization_Token))): null

2018-10-02 08:20:01 - [TEST_STEP][PASSED] - Statement - res_GetPickupTime = com.kms.katalon.core.webservice.keyword.WSBuiltInKeywords.sendRequest(GetPickupTime): Send request successfully

2018-10-02 08:20:01 - [MESSAGE][PASSED] - Send request successfully

2018-10-02 08:20:01 - [TEST_STEP][PASSED] - Statement - Service_Date = java.util.Date.parse("yyyy-MM-dd", Glb_ServiceDate): null

2018-10-02 08:20:01 - [TEST_STEP][PASSED] - Statement - current = java.util.Date.parse("yyyy-MM-dd", Glb_Current_Date): null

2018-10-02 08:20:01 - [TEST_STEP][PASSED] - Statement - DropOffTime = java.util.Date.parse("HH:mm", Glb_DropOffTime): null

2018-10-02 08:20:01 - [TEST_STEP][PASSED] - Statement - Duration = Glb_Duration_Time: null

2018-10-02 08:20:01 - [TEST_STEP][PASSED] - Statement - Start_WS_Str = "0" + Glb_WorkshopStart + ":00": null

2018-10-02 08:20:01 - [TEST_STEP][PASSED] - Statement - Start_WS_Hr = ConvertString_toDate.call(Start_WS_Str, "HH:mm"): null

2018-10-02 08:20:01 - [TEST_STEP][PASSED] - Statement - End_WS_Str = Glb_WorkshopEnd + ":00": null

2018-10-02 08:20:01 - [TEST_STEP][PASSED] - Statement - End_WS_Hr = ConvertString_toDate.call(End_WS_Str, "HH:mm"): null

2018-10-02 08:20:01 - [TEST_STEP][PASSED] - Statement - duration_hours = <not implemented yet for class: org.codehaus.groovy.ast.expr.EmptyExpression>: null

2018-10-02 08:20:01 - [TEST_STEP][PASSED] - Statement - use(groovy.time.TimeCategory, { -> ... }): null

2018-10-02 08:20:01 - [TEST_STEP][PASSED] - Statement - If (!(Glb_Dealer_Code == "765A")): null

2018-10-02 08:20:01 - [TEST_STEP][PASSED] - verifyResponseStatusCode: Verify response status code successfully

2018-10-02 08:20:01 - [MESSAGE][PASSED] - Verify response status code successfully

2018-10-02 08:20:01 - [TEST_STEP][PASSED] - Statement - res_Text = new groovy.json.JsonSlurper().parseText(response.getResponseText()): null

2018-10-02 08:20:01 - [TEST_STEP][PASSED] - Statement - If (!(ExpectedMessage == "")): null

2018-10-02 08:20:01 - [MESSAGE][PASSED] - Call Test Case 'Test Cases/TOYOTA/Library_TestCase/Toyota_GetPickUpTimes_JSON - V1' successfully

2018-10-02 08:20:01 - [TEST_STEP][PASSED] - Statement - If (var_Status_ReservedTimeslot == "true"): null

2018-10-02 08:20:01 - [TEST_STEP][PASSED] - Statement - If (var_Status_GetTransport == "true"): null

2018-10-02 08:20:01 - [TEST_STEP][PASSED] - Statement - If (var_Status_MakeBooking == "true"): null

2018-10-02 08:20:01 - [TEST_STEP][PASSED] - Statement - If (var_Status_SearchBooking == "true"): null

2018-10-02 08:20:01 - [TEST_STEP][PASSED] - Statement - If (var_Status_GetBookingDetail == "true"): null

2018-10-02 08:20:01 - [TEST_STEP][PASSED] - Statement - If (var_Status_ChangeBooking == "true"): null

2018-10-02 08:20:01 - [TEST_STEP][PASSED] - Statement - If (var_Status_CancelBooking == "true"): null]]></system-out>
         <system-err><![CDATA[]]></system-err>
      </testcase>
      <testcase name="Test Cases/TOYOTA/Main_Toyota_TestCase - AllSprints" classname="Test Cases/TOYOTA/Main_Toyota_TestCase - AllSprints" status="PASSED">
         <system-out><![CDATA[2018-10-02 08:20:01 - [TEST_CASE][PASSED] - Test Cases/TOYOTA/Main_Toyota_TestCase - AllSprints: Test Cases/TOYOTA/Main_Toyota_TestCase - AllSprints

2018-10-02 08:20:01 - [TEST_STEP][PASSED] - callTestCase: Call Test Case 'Test Cases/TOYOTA/Library_TestCase/Setup_Method_And_Variables - V1' successfully

2018-10-02 08:20:01 - [TEST_CASE][PASSED] - Test Cases/TOYOTA/Library_TestCase/Setup_Method_And_Variables - V1: Test Cases/TOYOTA/Library_TestCase/Setup_Method_And_Variables - V1

2018-10-02 08:20:01 - [TEST_STEP][PASSED] - Statement - If (!(Setup_Interval == "")): null

2018-10-02 08:20:01 - [TEST_STEP][PASSED] - Statement - If (!(Setup_WorkshopStart == "")): null

2018-10-02 08:20:01 - [TEST_STEP][PASSED] - Statement - If (!(Setup_WorkshopEnd == "")): null

2018-10-02 08:20:01 - [TEST_STEP][PASSED] - Statement - If (!(Setup_Dealer_Code == "")): null

2018-10-02 08:20:01 - [TEST_STEP][PASSED] - Statement - If (!(Setup_Location_Code == "")): null

2018-10-02 08:20:01 - [TEST_STEP][PASSED] - Statement - If (!(Setup_VIN == "")): null

2018-10-02 08:20:01 - [TEST_STEP][PASSED] - Statement - If (!(Setup_REGNumber == "")): null

2018-10-02 08:20:01 - [TEST_STEP][PASSED] - Statement - If (!(Setup_FirstName == "")): null

2018-10-02 08:20:01 - [TEST_STEP][PASSED] - Statement - If (!(Setup_LastName == "")): null

2018-10-02 08:20:01 - [TEST_STEP][PASSED] - Statement - If (!(Setup_TotalPrice == "")): null

2018-10-02 08:20:01 - [TEST_STEP][PASSED] - Statement - If (!(Setup_TotalDuration == "")): null

2018-10-02 08:20:01 - [TEST_STEP][PASSED] - Statement - If (!(Setup_StartDropDate == "")): null

2018-10-02 08:20:01 - [TEST_STEP][PASSED] - Statement - If (!(Setup_EndDropDate == "")): null

2018-10-02 08:20:01 - [TEST_STEP][PASSED] - Statement - If (!(Setup_StartSearchDate == "")): null

2018-10-02 08:20:01 - [TEST_STEP][PASSED] - Statement - If (!(Setup_EndSearchDate == "")): null

2018-10-02 08:20:01 - [TEST_STEP][PASSED] - Statement - If (!(Setup_Duration == "")): null

2018-10-02 08:20:01 - [TEST_STEP][PASSED] - Statement - If (!(Setup_ServiceDate == "")): null

2018-10-02 08:20:01 - [TEST_STEP][PASSED] - Statement - If (!(Setup_StartDropDate == "")): null

2018-10-02 08:20:01 - [TEST_STEP][PASSED] - Statement - If (!(Setup_EndDropDate == "")): null

2018-10-02 08:20:01 - [TEST_STEP][PASSED] - Statement - If (!(Setup_StartSearchDate == "")): null

2018-10-02 08:20:01 - [TEST_STEP][PASSED] - Statement - If (!(Setup_EndSearchDate == "")): null

2018-10-02 08:20:01 - [TEST_STEP][PASSED] - Statement - If (!(Setup_BookingId == "")): null

2018-10-02 08:20:01 - [TEST_STEP][PASSED] - Statement - If (!(Setup_ServiceType == "")): null

2018-10-02 08:20:01 - [TEST_STEP][PASSED] - Statement - SetDate = { java.util.Date current_time, int number_month, int number_day -> ... }: null

2018-10-02 08:20:01 - [TEST_STEP][PASSED] - Statement - RandomNumber = { int number -> ... }: null

2018-10-02 08:20:01 - [TEST_STEP][PASSED] - Statement - today = new java.util.Date(): null

2018-10-02 08:20:01 - [TEST_STEP][PASSED] - Statement - current_date = today.format("YYYY-MM-dd"): null

2018-10-02 08:20:01 - [TEST_STEP][PASSED] - Statement - Glb_Current_Date = current_date: null

2018-10-02 08:20:01 - [TEST_STEP][PASSED] - Statement - If (Glb_ServiceDate.toString().toLowerCase() == "cr"): null

2018-10-02 08:20:01 - [TEST_STEP][PASSED] - Statement - If (Glb_StartDate.toString().toLowerCase() == "cr"): null

2018-10-02 08:20:01 - [TEST_STEP][PASSED] - Statement - If (Glb_EndDate.toString().toLowerCase() == "cr"): null

2018-10-02 08:20:01 - [TEST_STEP][PASSED] - Statement - If (Glb_StartSearchDate.toString().toLowerCase() == "cr"): null

2018-10-02 08:20:01 - [TEST_STEP][PASSED] - Statement - If (Glb_EndSearchDate.toString().toLowerCase() == "cr"): null

2018-10-02 08:20:01 - [TEST_STEP][PASSED] - Statement - Glb_ContactId = "1901" + RandomNumber.call(999999): null

2018-10-02 08:20:01 - [MESSAGE][PASSED] - Call Test Case 'Test Cases/TOYOTA/Library_TestCase/Setup_Method_And_Variables - V1' successfully

2018-10-02 08:20:01 - [TEST_STEP][PASSED] - Statement - If (var_Status_OpCode == "true"): null

2018-10-02 08:20:01 - [TEST_STEP][PASSED] - Statement - If (var_Status_GetOffTime == "true"): null

2018-10-02 08:20:01 - [TEST_STEP][PASSED] - Statement - If (var_Status_PickupTime == "true"): Call Test Case 'Test Cases/TOYOTA/Library_TestCase/Toyota_GetPickUpTimes_JSON - V1' successfully

2018-10-02 08:20:01 - [TEST_STEP][PASSED] - callTestCase: Call Test Case 'Test Cases/TOYOTA/Library_TestCase/Toyota_GetPickUpTimes_JSON - V1' successfully

2018-10-02 08:20:01 - [TEST_CASE][PASSED] - Test Cases/TOYOTA/Library_TestCase/Toyota_GetPickUpTimes_JSON - V1: Test Cases/TOYOTA/Library_TestCase/Toyota_GetPickUpTimes_JSON - V1

2018-10-02 08:20:01 - [TEST_STEP][PASSED] - Statement - ConvertString_toDate = { java.lang.String Date_Str, java.lang.String format -> ... }: null

2018-10-02 08:20:01 - [TEST_STEP][PASSED] - Statement - GetPickupTime = com.kms.katalon.core.testobject.ObjectRepository.findTestObject(Toyota/GetPickUpTimes_JSON, [Service_Date:internal.GlobalVariable.Glb_ServiceDate, Drop_Off_Time:internal.GlobalVariable.Glb_DropOffTime, ServiceBay_Time:internal.GlobalVariable.Glb_ServiceBay_Type, ... ]): Finding Test Object with id 'Object Repository/Toyota/GetPickUpTimes_JSON'

2018-10-02 08:20:01 - [TEST_STEP][PASSED] - Statement - GetPickupTime.getHttpHeaderProperties().add(new com.kms.katalon.core.testobject.TestObjectProperty(Authorization, com.kms.katalon.core.testobject.ConditionType.EQUALS, (Basic  + internal.GlobalVariable.Glb_Authorization_Token))): null

2018-10-02 08:20:01 - [TEST_STEP][PASSED] - Statement - res_GetPickupTime = com.kms.katalon.core.webservice.keyword.WSBuiltInKeywords.sendRequest(GetPickupTime): Send request successfully

2018-10-02 08:20:01 - [MESSAGE][PASSED] - Send request successfully

2018-10-02 08:20:01 - [TEST_STEP][PASSED] - Statement - Service_Date = java.util.Date.parse("yyyy-MM-dd", Glb_ServiceDate): null

2018-10-02 08:20:01 - [TEST_STEP][PASSED] - Statement - current = java.util.Date.parse("yyyy-MM-dd", Glb_Current_Date): null

2018-10-02 08:20:01 - [TEST_STEP][PASSED] - Statement - DropOffTime = java.util.Date.parse("HH:mm", Glb_DropOffTime): null

2018-10-02 08:20:01 - [TEST_STEP][PASSED] - Statement - Duration = Glb_Duration_Time: null

2018-10-02 08:20:01 - [TEST_STEP][PASSED] - Statement - Start_WS_Str = "0" + Glb_WorkshopStart + ":00": null

2018-10-02 08:20:01 - [TEST_STEP][PASSED] - Statement - Start_WS_Hr = ConvertString_toDate.call(Start_WS_Str, "HH:mm"): null

2018-10-02 08:20:01 - [TEST_STEP][PASSED] - Statement - End_WS_Str = Glb_WorkshopEnd + ":00": null

2018-10-02 08:20:01 - [TEST_STEP][PASSED] - Statement - End_WS_Hr = ConvertString_toDate.call(End_WS_Str, "HH:mm"): null

2018-10-02 08:20:01 - [TEST_STEP][PASSED] - Statement - duration_hours = <not implemented yet for class: org.codehaus.groovy.ast.expr.EmptyExpression>: null

2018-10-02 08:20:01 - [TEST_STEP][PASSED] - Statement - use(groovy.time.TimeCategory, { -> ... }): null

2018-10-02 08:20:01 - [TEST_STEP][PASSED] - Statement - If (!(Glb_Dealer_Code == "765A")): null

2018-10-02 08:20:01 - [TEST_STEP][PASSED] - verifyResponseStatusCode: Verify response status code successfully

2018-10-02 08:20:01 - [MESSAGE][PASSED] - Verify response status code successfully

2018-10-02 08:20:01 - [TEST_STEP][PASSED] - Statement - res_Text = new groovy.json.JsonSlurper().parseText(response.getResponseText()): null

2018-10-02 08:20:01 - [TEST_STEP][PASSED] - Statement - If (!(ExpectedMessage == "")): null

2018-10-02 08:20:01 - [MESSAGE][PASSED] - Call Test Case 'Test Cases/TOYOTA/Library_TestCase/Toyota_GetPickUpTimes_JSON - V1' successfully

2018-10-02 08:20:01 - [TEST_STEP][PASSED] - Statement - If (var_Status_ReservedTimeslot == "true"): null

2018-10-02 08:20:01 - [TEST_STEP][PASSED] - Statement - If (var_Status_GetTransport == "true"): null

2018-10-02 08:20:01 - [TEST_STEP][PASSED] - Statement - If (var_Status_MakeBooking == "true"): null

2018-10-02 08:20:01 - [TEST_STEP][PASSED] - Statement - If (var_Status_SearchBooking == "true"): null

2018-10-02 08:20:01 - [TEST_STEP][PASSED] - Statement - If (var_Status_GetBookingDetail == "true"): null

2018-10-02 08:20:01 - [TEST_STEP][PASSED] - Statement - If (var_Status_ChangeBooking == "true"): null

2018-10-02 08:20:01 - [TEST_STEP][PASSED] - Statement - If (var_Status_CancelBooking == "true"): null]]></system-out>
         <system-err><![CDATA[]]></system-err>
      </testcase>
      <testcase name="Test Cases/TOYOTA/Main_Toyota_TestCase - AllSprints" classname="Test Cases/TOYOTA/Main_Toyota_TestCase - AllSprints" status="PASSED">
         <system-out><![CDATA[2018-10-02 08:20:01 - [TEST_CASE][PASSED] - Test Cases/TOYOTA/Main_Toyota_TestCase - AllSprints: Test Cases/TOYOTA/Main_Toyota_TestCase - AllSprints

2018-10-02 08:20:01 - [TEST_STEP][PASSED] - callTestCase: Call Test Case 'Test Cases/TOYOTA/Library_TestCase/Setup_Method_And_Variables - V1' successfully

2018-10-02 08:20:01 - [TEST_CASE][PASSED] - Test Cases/TOYOTA/Library_TestCase/Setup_Method_And_Variables - V1: Test Cases/TOYOTA/Library_TestCase/Setup_Method_And_Variables - V1

2018-10-02 08:20:01 - [TEST_STEP][PASSED] - Statement - If (!(Setup_Interval == "")): null

2018-10-02 08:20:01 - [TEST_STEP][PASSED] - Statement - If (!(Setup_WorkshopStart == "")): null

2018-10-02 08:20:01 - [TEST_STEP][PASSED] - Statement - If (!(Setup_WorkshopEnd == "")): null

2018-10-02 08:20:01 - [TEST_STEP][PASSED] - Statement - If (!(Setup_Dealer_Code == "")): null

2018-10-02 08:20:01 - [TEST_STEP][PASSED] - Statement - If (!(Setup_Location_Code == "")): null

2018-10-02 08:20:01 - [TEST_STEP][PASSED] - Statement - If (!(Setup_VIN == "")): null

2018-10-02 08:20:01 - [TEST_STEP][PASSED] - Statement - If (!(Setup_REGNumber == "")): null

2018-10-02 08:20:01 - [TEST_STEP][PASSED] - Statement - If (!(Setup_FirstName == "")): null

2018-10-02 08:20:01 - [TEST_STEP][PASSED] - Statement - If (!(Setup_LastName == "")): null

2018-10-02 08:20:01 - [TEST_STEP][PASSED] - Statement - If (!(Setup_TotalPrice == "")): null

2018-10-02 08:20:01 - [TEST_STEP][PASSED] - Statement - If (!(Setup_TotalDuration == "")): null

2018-10-02 08:20:01 - [TEST_STEP][PASSED] - Statement - If (!(Setup_StartDropDate == "")): null

2018-10-02 08:20:01 - [TEST_STEP][PASSED] - Statement - If (!(Setup_EndDropDate == "")): null

2018-10-02 08:20:01 - [TEST_STEP][PASSED] - Statement - If (!(Setup_StartSearchDate == "")): null

2018-10-02 08:20:01 - [TEST_STEP][PASSED] - Statement - If (!(Setup_EndSearchDate == "")): null

2018-10-02 08:20:01 - [TEST_STEP][PASSED] - Statement - If (!(Setup_Duration == "")): null

2018-10-02 08:20:01 - [TEST_STEP][PASSED] - Statement - If (!(Setup_ServiceDate == "")): null

2018-10-02 08:20:01 - [TEST_STEP][PASSED] - Statement - If (!(Setup_StartDropDate == "")): null

2018-10-02 08:20:01 - [TEST_STEP][PASSED] - Statement - If (!(Setup_EndDropDate == "")): null

2018-10-02 08:20:01 - [TEST_STEP][PASSED] - Statement - If (!(Setup_StartSearchDate == "")): null

2018-10-02 08:20:01 - [TEST_STEP][PASSED] - Statement - If (!(Setup_EndSearchDate == "")): null

2018-10-02 08:20:01 - [TEST_STEP][PASSED] - Statement - If (!(Setup_BookingId == "")): null

2018-10-02 08:20:01 - [TEST_STEP][PASSED] - Statement - If (!(Setup_ServiceType == "")): null

2018-10-02 08:20:01 - [TEST_STEP][PASSED] - Statement - SetDate = { java.util.Date current_time, int number_month, int number_day -> ... }: null

2018-10-02 08:20:01 - [TEST_STEP][PASSED] - Statement - RandomNumber = { int number -> ... }: null

2018-10-02 08:20:01 - [TEST_STEP][PASSED] - Statement - today = new java.util.Date(): null

2018-10-02 08:20:01 - [TEST_STEP][PASSED] - Statement - current_date = today.format("YYYY-MM-dd"): null

2018-10-02 08:20:01 - [TEST_STEP][PASSED] - Statement - Glb_Current_Date = current_date: null

2018-10-02 08:20:01 - [TEST_STEP][PASSED] - Statement - If (Glb_ServiceDate.toString().toLowerCase() == "cr"): null

2018-10-02 08:20:01 - [TEST_STEP][PASSED] - Statement - If (Glb_StartDate.toString().toLowerCase() == "cr"): null

2018-10-02 08:20:01 - [TEST_STEP][PASSED] - Statement - If (Glb_EndDate.toString().toLowerCase() == "cr"): null

2018-10-02 08:20:01 - [TEST_STEP][PASSED] - Statement - If (Glb_StartSearchDate.toString().toLowerCase() == "cr"): null

2018-10-02 08:20:01 - [TEST_STEP][PASSED] - Statement - If (Glb_EndSearchDate.toString().toLowerCase() == "cr"): null

2018-10-02 08:20:01 - [TEST_STEP][PASSED] - Statement - Glb_ContactId = "1901" + RandomNumber.call(999999): null

2018-10-02 08:20:01 - [MESSAGE][PASSED] - Call Test Case 'Test Cases/TOYOTA/Library_TestCase/Setup_Method_And_Variables - V1' successfully

2018-10-02 08:20:01 - [TEST_STEP][PASSED] - Statement - If (var_Status_OpCode == "true"): null

2018-10-02 08:20:01 - [TEST_STEP][PASSED] - Statement - If (var_Status_GetOffTime == "true"): null

2018-10-02 08:20:01 - [TEST_STEP][PASSED] - Statement - If (var_Status_PickupTime == "true"): Call Test Case 'Test Cases/TOYOTA/Library_TestCase/Toyota_GetPickUpTimes_JSON - V1' successfully

2018-10-02 08:20:01 - [TEST_STEP][PASSED] - callTestCase: Call Test Case 'Test Cases/TOYOTA/Library_TestCase/Toyota_GetPickUpTimes_JSON - V1' successfully

2018-10-02 08:20:01 - [TEST_CASE][PASSED] - Test Cases/TOYOTA/Library_TestCase/Toyota_GetPickUpTimes_JSON - V1: Test Cases/TOYOTA/Library_TestCase/Toyota_GetPickUpTimes_JSON - V1

2018-10-02 08:20:01 - [TEST_STEP][PASSED] - Statement - ConvertString_toDate = { java.lang.String Date_Str, java.lang.String format -> ... }: null

2018-10-02 08:20:01 - [TEST_STEP][PASSED] - Statement - GetPickupTime = com.kms.katalon.core.testobject.ObjectRepository.findTestObject(Toyota/GetPickUpTimes_JSON, [Service_Date:internal.GlobalVariable.Glb_ServiceDate, Drop_Off_Time:internal.GlobalVariable.Glb_DropOffTime, ServiceBay_Time:internal.GlobalVariable.Glb_ServiceBay_Type, ... ]): Finding Test Object with id 'Object Repository/Toyota/GetPickUpTimes_JSON'

2018-10-02 08:20:01 - [TEST_STEP][PASSED] - Statement - GetPickupTime.getHttpHeaderProperties().add(new com.kms.katalon.core.testobject.TestObjectProperty(Authorization, com.kms.katalon.core.testobject.ConditionType.EQUALS, (Basic  + internal.GlobalVariable.Glb_Authorization_Token))): null

2018-10-02 08:20:01 - [TEST_STEP][PASSED] - Statement - res_GetPickupTime = com.kms.katalon.core.webservice.keyword.WSBuiltInKeywords.sendRequest(GetPickupTime): Send request successfully

2018-10-02 08:20:01 - [MESSAGE][PASSED] - Send request successfully

2018-10-02 08:20:01 - [TEST_STEP][PASSED] - Statement - Service_Date = java.util.Date.parse("yyyy-MM-dd", Glb_ServiceDate): null

2018-10-02 08:20:01 - [TEST_STEP][PASSED] - Statement - current = java.util.Date.parse("yyyy-MM-dd", Glb_Current_Date): null

2018-10-02 08:20:01 - [TEST_STEP][PASSED] - Statement - DropOffTime = java.util.Date.parse("HH:mm", Glb_DropOffTime): null

2018-10-02 08:20:01 - [TEST_STEP][PASSED] - Statement - Duration = Glb_Duration_Time: null

2018-10-02 08:20:01 - [TEST_STEP][PASSED] - Statement - Start_WS_Str = "0" + Glb_WorkshopStart + ":00": null

2018-10-02 08:20:01 - [TEST_STEP][PASSED] - Statement - Start_WS_Hr = ConvertString_toDate.call(Start_WS_Str, "HH:mm"): null

2018-10-02 08:20:01 - [TEST_STEP][PASSED] - Statement - End_WS_Str = Glb_WorkshopEnd + ":00": null

2018-10-02 08:20:01 - [TEST_STEP][PASSED] - Statement - End_WS_Hr = ConvertString_toDate.call(End_WS_Str, "HH:mm"): null

2018-10-02 08:20:01 - [TEST_STEP][PASSED] - Statement - duration_hours = <not implemented yet for class: org.codehaus.groovy.ast.expr.EmptyExpression>: null

2018-10-02 08:20:01 - [TEST_STEP][PASSED] - Statement - use(groovy.time.TimeCategory, { -> ... }): null

2018-10-02 08:20:01 - [TEST_STEP][PASSED] - Statement - If (!(Glb_Dealer_Code == "765A")): null

2018-10-02 08:20:01 - [TEST_STEP][PASSED] - verifyResponseStatusCode: Verify response status code successfully

2018-10-02 08:20:01 - [MESSAGE][PASSED] - Verify response status code successfully

[...]

2018-10-02 08:20:19 - [TEST_STEP][PASSED] - Statement - End_WS_Hr = ConvertString_toDate.call(End_WS_Str, "HH:mm"): null

2018-10-02 08:20:19 - [TEST_STEP][PASSED] - Statement - duration_hours = <not implemented yet for class: org.codehaus.groovy.ast.expr.EmptyExpression>: null

2018-10-02 08:20:19 - [TEST_STEP][PASSED] - Statement - use(groovy.time.TimeCategory, { -> ... }): null

2018-10-02 08:20:19 - [TEST_STEP][PASSED] - Statement - If (!(Glb_Dealer_Code == "765A")): null

2018-10-02 08:20:19 - [TEST_STEP][PASSED] - verifyResponseStatusCode: Verify response status code successfully

2018-10-02 08:20:19 - [MESSAGE][PASSED] - Verify response status code successfully

2018-10-02 08:20:19 - [TEST_STEP][PASSED] - Statement - res_Text = new groovy.json.JsonSlurper().parseText(response.getResponseText()): null

2018-10-02 08:20:19 - [TEST_STEP][PASSED] - Statement - If (!(ExpectedMessage == "")): null

2018-10-02 08:20:19 - [MESSAGE][PASSED] - Call Test Case 'Test Cases/TOYOTA/Library_TestCase/Toyota_GetPickUpTimes_JSON - V1' successfully

2018-10-02 08:20:19 - [TEST_STEP][PASSED] - Statement - If (var_Status_ReservedTimeslot == "true"): null

2018-10-02 08:20:19 - [TEST_STEP][PASSED] - Statement - If (var_Status_GetTransport == "true"): null

2018-10-02 08:20:19 - [TEST_STEP][PASSED] - Statement - If (var_Status_MakeBooking == "true"): null

2018-10-02 08:20:19 - [TEST_STEP][PASSED] - Statement - If (var_Status_SearchBooking == "true"): null

2018-10-02 08:20:19 - [TEST_STEP][PASSED] - Statement - If (var_Status_GetBookingDetail == "true"): null

2018-10-02 08:20:19 - [TEST_STEP][PASSED] - Statement - If (var_Status_ChangeBooking == "true"): null

2018-10-02 08:20:19 - [TEST_STEP][PASSED] - Statement - If (var_Status_CancelBooking == "true"): null]]></system-out>
         <system-err><![CDATA[]]></system-err>
      </testcase>
      <testcase name="Test Cases/TOYOTA/Main_Toyota_TestCase - AllSprints" classname="Test Cases/TOYOTA/Main_Toyota_TestCase - AllSprints" status="PASSED">
         <system-out><![CDATA[2018-10-02 08:20:19 - [TEST_CASE][PASSED] - Test Cases/TOYOTA/Main_Toyota_TestCase - AllSprints: Test Cases/TOYOTA/Main_Toyota_TestCase - AllSprints

2018-10-02 08:20:19 - [TEST_STEP][PASSED] - callTestCase: Call Test Case 'Test Cases/TOYOTA/Library_TestCase/Setup_Method_And_Variables - V1' successfully

2018-10-02 08:20:19 - [TEST_CASE][PASSED] - Test Cases/TOYOTA/Library_TestCase/Setup_Method_And_Variables - V1: Test Cases/TOYOTA/Library_TestCase/Setup_Method_And_Variables - V1

2018-10-02 08:20:19 - [TEST_STEP][PASSED] - Statement - If (!(Setup_Interval == "")): null

2018-10-02 08:20:19 - [TEST_STEP][PASSED] - Statement - If (!(Setup_WorkshopStart == "")): null

2018-10-02 08:20:19 - [TEST_STEP][PASSED] - Statement - If (!(Setup_WorkshopEnd == "")): null

2018-10-02 08:20:19 - [TEST_STEP][PASSED] - Statement - If (!(Setup_Dealer_Code == "")): null

2018-10-02 08:20:19 - [TEST_STEP][PASSED] - Statement - If (!(Setup_Location_Code == "")): null

2018-10-02 08:20:19 - [TEST_STEP][PASSED] - Statement - If (!(Setup_VIN == "")): null

2018-10-02 08:20:19 - [TEST_STEP][PASSED] - Statement - If (!(Setup_REGNumber == "")): null

2018-10-02 08:20:19 - [TEST_STEP][PASSED] - Statement - If (!(Setup_FirstName == "")): null

2018-10-02 08:20:19 - [TEST_STEP][PASSED] - Statement - If (!(Setup_LastName == "")): null

2018-10-02 08:20:19 - [TEST_STEP][PASSED] - Statement - If (!(Setup_TotalPrice == "")): null

2018-10-02 08:20:19 - [TEST_STEP][PASSED] - Statement - If (!(Setup_TotalDuration == "")): null

2018-10-02 08:20:19 - [TEST_STEP][PASSED] - Statement - If (!(Setup_StartDropDate == "")): null

2018-10-02 08:20:19 - [TEST_STEP][PASSED] - Statement - If (!(Setup_EndDropDate == "")): null

2018-10-02 08:20:19 - [TEST_STEP][PASSED] - Statement - If (!(Setup_StartSearchDate == "")): null

2018-10-02 08:20:19 - [TEST_STEP][PASSED] - Statement - If (!(Setup_EndSearchDate == "")): null

2018-10-02 08:20:19 - [TEST_STEP][PASSED] - Statement - If (!(Setup_Duration == "")): null

2018-10-02 08:20:19 - [TEST_STEP][PASSED] - Statement - If (!(Setup_ServiceDate == "")): null

2018-10-02 08:20:19 - [TEST_STEP][PASSED] - Statement - If (!(Setup_StartDropDate == "")): null

2018-10-02 08:20:19 - [TEST_STEP][PASSED] - Statement - If (!(Setup_EndDropDate == "")): null

2018-10-02 08:20:19 - [TEST_STEP][PASSED] - Statement - If (!(Setup_StartSearchDate == "")): null

2018-10-02 08:20:19 - [TEST_STEP][PASSED] - Statement - If (!(Setup_EndSearchDate == "")): null

2018-10-02 08:20:19 - [TEST_STEP][PASSED] - Statement - If (!(Setup_BookingId == "")): null

2018-10-02 08:20:19 - [TEST_STEP][PASSED] - Statement - If (!(Setup_ServiceType == "")): null

2018-10-02 08:20:19 - [TEST_STEP][PASSED] - Statement - SetDate = { java.util.Date current_time, int number_month, int number_day -> ... }: null

2018-10-02 08:20:19 - [TEST_STEP][PASSED] - Statement - RandomNumber = { int number -> ... }: null

2018-10-02 08:20:19 - [TEST_STEP][PASSED] - Statement - today = new java.util.Date(): null

2018-10-02 08:20:19 - [TEST_STEP][PASSED] - Statement - current_date = today.format("YYYY-MM-dd"): null

2018-10-02 08:20:19 - [TEST_STEP][PASSED] - Statement - Glb_Current_Date = current_date: null

2018-10-02 08:20:19 - [TEST_STEP][PASSED] - Statement - If (Glb_ServiceDate.toString().toLowerCase() == "cr"): null

2018-10-02 08:20:19 - [TEST_STEP][PASSED] - Statement - If (Glb_StartDate.toString().toLowerCase() == "cr"): null

2018-10-02 08:20:19 - [TEST_STEP][PASSED] - Statement - If (Glb_EndDate.toString().toLowerCase() == "cr"): null

2018-10-02 08:20:19 - [TEST_STEP][PASSED] - Statement - If (Glb_StartSearchDate.toString().toLowerCase() == "cr"): null

2018-10-02 08:20:19 - [TEST_STEP][PASSED] - Statement - If (Glb_EndSearchDate.toString().toLowerCase() == "cr"): null

2018-10-02 08:20:19 - [TEST_STEP][PASSED] - Statement - Glb_ContactId = "1901" + RandomNumber.call(999999): null

2018-10-02 08:20:19 - [MESSAGE][PASSED] - Call Test Case 'Test Cases/TOYOTA/Library_TestCase/Setup_Method_And_Variables - V1' successfully

2018-10-02 08:20:19 - [TEST_STEP][PASSED] - Statement - If (var_Status_OpCode == "true"): null

2018-10-02 08:20:19 - [TEST_STEP][PASSED] - Statement - If (var_Status_GetOffTime == "true"): null

2018-10-02 08:20:19 - [TEST_STEP][PASSED] - Statement - If (var_Status_PickupTime == "true"): Call Test Case 'Test Cases/TOYOTA/Library_TestCase/Toyota_GetPickUpTimes_JSON - V1' successfully

2018-10-02 08:20:19 - [TEST_STEP][PASSED] - callTestCase: Call Test Case 'Test Cases/TOYOTA/Library_TestCase/Toyota_GetPickUpTimes_JSON - V1' successfully

2018-10-02 08:20:19 - [TEST_CASE][PASSED] - Test Cases/TOYOTA/Library_TestCase/Toyota_GetPickUpTimes_JSON - V1: Test Cases/TOYOTA/Library_TestCase/Toyota_GetPickUpTimes_JSON - V1

2018-10-02 08:20:19 - [TEST_STEP][PASSED] - Statement - ConvertString_toDate = { java.lang.String Date_Str, java.lang.String format -> ... }: null

2018-10-02 08:20:19 - [TEST_STEP][PASSED] - Statement - GetPickupTime = com.kms.katalon.core.testobject.ObjectRepository.findTestObject(Toyota/GetPickUpTimes_JSON, [Service_Date:internal.GlobalVariable.Glb_ServiceDate, Drop_Off_Time:internal.GlobalVariable.Glb_DropOffTime, ServiceBay_Time:internal.GlobalVariable.Glb_ServiceBay_Type, ... ]): Finding Test Object with id 'Object Repository/Toyota/GetPickUpTimes_JSON'

2018-10-02 08:20:19 - [TEST_STEP][PASSED] - Statement - GetPickupTime.getHttpHeaderProperties().add(new com.kms.katalon.core.testobject.TestObjectProperty(Authorization, com.kms.katalon.core.testobject.ConditionType.EQUALS, (Basic  + internal.GlobalVariable.Glb_Authorization_Token))): null

2018-10-02 08:20:19 - [TEST_STEP][PASSED] - Statement - res_GetPickupTime = com.kms.katalon.core.webservice.keyword.WSBuiltInKeywords.sendRequest(GetPickupTime): Send request successfully

2018-10-02 08:20:19 - [MESSAGE][PASSED] - Send request successfully

2018-10-02 08:20:19 - [TEST_STEP][PASSED] - Statement - Service_Date = java.util.Date.parse("yyyy-MM-dd", Glb_ServiceDate): null

2018-10-02 08:20:19 - [TEST_STEP][PASSED] - Statement - current = java.util.Date.parse("yyyy-MM-dd", Glb_Current_Date): null

2018-10-02 08:20:19 - [TEST_STEP][PASSED] - Statement - DropOffTime = java.util.Date.parse("HH:mm", Glb_DropOffTime): null

2018-10-02 08:20:19 - [TEST_STEP][PASSED] - Statement - Duration = Glb_Duration_Time: null

2018-10-02 08:20:19 - [TEST_STEP][PASSED] - Statement - Start_WS_Str = "0" + Glb_WorkshopStart + ":00": null

2018-10-02 08:20:19 - [TEST_STEP][PASSED] - Statement - Start_WS_Hr = ConvertString_toDate.call(Start_WS_Str, "HH:mm"): null

2018-10-02 08:20:19 - [TEST_STEP][PASSED] - Statement - End_WS_Str = Glb_WorkshopEnd + ":00": null

2018-10-02 08:20:19 - [TEST_STEP][PASSED] - Statement - End_WS_Hr = ConvertString_toDate.call(End_WS_Str, "HH:mm"): null

2018-10-02 08:20:19 - [TEST_STEP][PASSED] - Statement - duration_hours = <not implemented yet for class: org.codehaus.groovy.ast.expr.EmptyExpression>: null

2018-10-02 08:20:19 - [TEST_STEP][PASSED] - Statement - use(groovy.time.TimeCategory, { -> ... }): null

2018-10-02 08:20:19 - [TEST_STEP][PASSED] - Statement - If (!(Glb_Dealer_Code == "765A")): null

2018-10-02 08:20:19 - [TEST_STEP][PASSED] - verifyResponseStatusCode: Verify response status code successfully

2018-10-02 08:20:19 - [MESSAGE][PASSED] - Verify response status code successfully

2018-10-02 08:20:19 - [TEST_STEP][PASSED] - Statement - res_Text = new groovy.json.JsonSlurper().parseText(response.getResponseText()): null

2018-10-02 08:20:19 - [TEST_STEP][PASSED] - Statement - If (!(ExpectedMessage == "")): null

2018-10-02 08:20:19 - [MESSAGE][PASSED] - Call Test Case 'Test Cases/TOYOTA/Library_TestCase/Toyota_GetPickUpTimes_JSON - V1' successfully

2018-10-02 08:20:19 - [TEST_STEP][PASSED] - Statement - If (var_Status_ReservedTimeslot == "true"): null

2018-10-02 08:20:19 - [TEST_STEP][PASSED] - Statement - If (var_Status_GetTransport == "true"): null

2018-10-02 08:20:19 - [TEST_STEP][PASSED] - Statement - If (var_Status_MakeBooking == "true"): null

2018-10-02 08:20:19 - [TEST_STEP][PASSED] - Statement - If (var_Status_SearchBooking == "true"): null

2018-10-02 08:20:19 - [TEST_STEP][PASSED] - Statement - If (var_Status_GetBookingDetail == "true"): null

2018-10-02 08:20:19 - [TEST_STEP][PASSED] - Statement - If (var_Status_ChangeBooking == "true"): null

2018-10-02 08:20:19 - [TEST_STEP][PASSED] - Statement - If (var_Status_CancelBooking == "true"): null]]></system-out>
         <system-err><![CDATA[]]></system-err>
      </testcase>
      <testcase name="Test Cases/TOYOTA/Main_Toyota_TestCase - AllSprints" classname="Test Cases/TOYOTA/Main_Toyota_TestCase - AllSprints" status="PASSED">
         <system-out><![CDATA[2018-10-02 08:20:19 - [TEST_CASE][PASSED] - Test Cases/TOYOTA/Main_Toyota_TestCase - AllSprints: Test Cases/TOYOTA/Main_Toyota_TestCase - AllSprints

2018-10-02 08:20:19 - [TEST_STEP][PASSED] - callTestCase: Call Test Case 'Test Cases/TOYOTA/Library_TestCase/Setup_Method_And_Variables - V1' successfully

2018-10-02 08:20:20 - [TEST_CASE][PASSED] - Test Cases/TOYOTA/Library_TestCase/Setup_Method_And_Variables - V1: Test Cases/TOYOTA/Library_TestCase/Setup_Method_And_Variables - V1

2018-10-02 08:20:20 - [TEST_STEP][PASSED] - Statement - If (!(Setup_Interval == "")): null

2018-10-02 08:20:20 - [TEST_STEP][PASSED] - Statement - If (!(Setup_WorkshopStart == "")): null

2018-10-02 08:20:20 - [TEST_STEP][PASSED] - Statement - If (!(Setup_WorkshopEnd == "")): null

2018-10-02 08:20:20 - [TEST_STEP][PASSED] - Statement - If (!(Setup_Dealer_Code == "")): null

2018-10-02 08:20:20 - [TEST_STEP][PASSED] - Statement - If (!(Setup_Location_Code == "")): null

2018-10-02 08:20:20 - [TEST_STEP][PASSED] - Statement - If (!(Setup_VIN == "")): null

2018-10-02 08:20:20 - [TEST_STEP][PASSED] - Statement - If (!(Setup_REGNumber == "")): null

2018-10-02 08:20:20 - [TEST_STEP][PASSED] - Statement - If (!(Setup_FirstName == "")): null

2018-10-02 08:20:20 - [TEST_STEP][PASSED] - Statement - If (!(Setup_LastName == "")): null

2018-10-02 08:20:20 - [TEST_STEP][PASSED] - Statement - If (!(Setup_TotalPrice == "")): null

2018-10-02 08:20:20 - [TEST_STEP][PASSED] - Statement - If (!(Setup_TotalDuration == "")): null

2018-10-02 08:20:20 - [TEST_STEP][PASSED] - Statement - If (!(Setup_StartDropDate == "")): null

2018-10-02 08:20:20 - [TEST_STEP][PASSED] - Statement - If (!(Setup_EndDropDate == "")): null

2018-10-02 08:20:20 - [TEST_STEP][PASSED] - Statement - If (!(Setup_StartSearchDate == "")): null

2018-10-02 08:20:20 - [TEST_STEP][PASSED] - Statement - If (!(Setup_EndSearchDate == "")): null

2018-10-02 08:20:20 - [TEST_STEP][PASSED] - Statement - If (!(Setup_Duration == "")): null

2018-10-02 08:20:20 - [TEST_STEP][PASSED] - Statement - If (!(Setup_ServiceDate == "")): null

2018-10-02 08:20:20 - [TEST_STEP][PASSED] - Statement - If (!(Setup_StartDropDate == "")): null

2018-10-02 08:20:20 - [TEST_STEP][PASSED] - Statement - If (!(Setup_EndDropDate == "")): null

2018-10-02 08:20:20 - [TEST_STEP][PASSED] - Statement - If (!(Setup_StartSearchDate == "")): null

2018-10-02 08:20:20 - [TEST_STEP][PASSED] - Statement - If (!(Setup_EndSearchDate == "")): null

2018-10-02 08:20:20 - [TEST_STEP][PASSED] - Statement - If (!(Setup_BookingId == "")): null

2018-10-02 08:20:20 - [TEST_STEP][PASSED] - Statement - If (!(Setup_ServiceType == "")): null

2018-10-02 08:20:20 - [TEST_STEP][PASSED] - Statement - SetDate = { java.util.Date current_time, int number_month, int number_day -> ... }: null

2018-10-02 08:20:20 - [TEST_STEP][PASSED] - Statement - RandomNumber = { int number -> ... }: null

2018-10-02 08:20:20 - [TEST_STEP][PASSED] - Statement - today = new java.util.Date(): null

2018-10-02 08:20:20 - [TEST_STEP][PASSED] - Statement - current_date = today.format("YYYY-MM-dd"): null

2018-10-02 08:20:20 - [TEST_STEP][PASSED] - Statement - Glb_Current_Date = current_date: null

2018-10-02 08:20:20 - [TEST_STEP][PASSED] - Statement - If (Glb_ServiceDate.toString().toLowerCase() == "cr"): null

2018-10-02 08:20:20 - [TEST_STEP][PASSED] - Statement - If (Glb_StartDate.toString().toLowerCase() == "cr"): null

2018-10-02 08:20:20 - [TEST_STEP][PASSED] - Statement - If (Glb_EndDate.toString().toLowerCase() == "cr"): null

2018-10-02 08:20:20 - [TEST_STEP][PASSED] - Statement - If (Glb_StartSearchDate.toString().toLowerCase() == "cr"): null

2018-10-02 08:20:20 - [TEST_STEP][PASSED] - Statement - If (Glb_EndSearchDate.toString().toLowerCase() == "cr"): null

2018-10-02 08:20:20 - [TEST_STEP][PASSED] - Statement - Glb_ContactId = "1901" + RandomNumber.call(999999): null

2018-10-02 08:20:20 - [MESSAGE][PASSED] - Call Test Case 'Test Cases/TOYOTA/Library_TestCase/Setup_Method_And_Variables - V1' successfully

2018-10-02 08:20:20 - [TEST_STEP][PASSED] - Statement - If (var_Status_OpCode == "true"): null

2018-10-02 08:20:20 - [TEST_STEP][PASSED] - Statement - If (var_Status_GetOffTime == "true"): null

2018-10-02 08:20:20 - [TEST_STEP][PASSED] - Statement - If (var_Status_PickupTime == "true"): Call Test Case 'Test Cases/TOYOTA/Library_TestCase/Toyota_GetPickUpTimes_JSON - V1' successfully

2018-10-02 08:20:20 - [TEST_STEP][PASSED] - callTestCase: Call Test Case 'Test Cases/TOYOTA/Library_TestCase/Toyota_GetPickUpTimes_JSON - V1' successfully

2018-10-02 08:20:20 - [TEST_CASE][PASSED] - Test Cases/TOYOTA/Library_TestCase/Toyota_GetPickUpTimes_JSON - V1: Test Cases/TOYOTA/Library_TestCase/Toyota_GetPickUpTimes_JSON - V1

2018-10-02 08:20:20 - [TEST_STEP][PASSED] - Statement - ConvertString_toDate = { java.lang.String Date_Str, java.lang.String format -> ... }: null

2018-10-02 08:20:20 - [TEST_STEP][PASSED] - Statement - GetPickupTime = com.kms.katalon.core.testobject.ObjectRepository.findTestObject(Toyota/GetPickUpTimes_JSON, [Service_Date:internal.GlobalVariable.Glb_ServiceDate, Drop_Off_Time:internal.GlobalVariable.Glb_DropOffTime, ServiceBay_Time:internal.GlobalVariable.Glb_ServiceBay_Type, ... ]): Finding Test Object with id 'Object Repository/Toyota/GetPickUpTimes_JSON'

2018-10-02 08:20:20 - [TEST_STEP][PASSED] - Statement - GetPickupTime.getHttpHeaderProperties().add(new com.kms.katalon.core.testobject.TestObjectProperty(Authorization, com.kms.katalon.core.testobject.ConditionType.EQUALS, (Basic  + internal.GlobalVariable.Glb_Authorization_Token))): null

2018-10-02 08:20:20 - [TEST_STEP][PASSED] - Statement - res_GetPickupTime = com.kms.katalon.core.webservice.keyword.WSBuiltInKeywords.sendRequest(GetPickupTime): Send request successfully

2018-10-02 08:20:20 - [MESSAGE][PASSED] - Send request successfully

2018-10-02 08:20:20 - [TEST_STEP][PASSED] - Statement - Service_Date = java.util.Date.parse("yyyy-MM-dd", Glb_ServiceDate): null

2018-10-02 08:20:20 - [TEST_STEP][PASSED] - Statement - current = java.util.Date.parse("yyyy-MM-dd", Glb_Current_Date): null

2018-10-02 08:20:20 - [TEST_STEP][PASSED] - Statement - DropOffTime = java.util.Date.parse("HH:mm", Glb_DropOffTime): null

2018-10-02 08:20:20 - [TEST_STEP][PASSED] - Statement - Duration = Glb_Duration_Time: null

2018-10-02 08:20:20 - [TEST_STEP][PASSED] - Statement - Start_WS_Str = "0" + Glb_WorkshopStart + ":00": null

2018-10-02 08:20:20 - [TEST_STEP][PASSED] - Statement - Start_WS_Hr = ConvertString_toDate.call(Start_WS_Str, "HH:mm"): null

2018-10-02 08:20:20 - [TEST_STEP][PASSED] - Statement - End_WS_Str = Glb_WorkshopEnd + ":00": null

2018-10-02 08:20:20 - [TEST_STEP][PASSED] - Statement - End_WS_Hr = ConvertString_toDate.call(End_WS_Str, "HH:mm"): null

2018-10-02 08:20:20 - [TEST_STEP][PASSED] - Statement - duration_hours = <not implemented yet for class: org.codehaus.groovy.ast.expr.EmptyExpression>: null

2018-10-02 08:20:20 - [TEST_STEP][PASSED] - Statement - use(groovy.time.TimeCategory, { -> ... }): null

2018-10-02 08:20:20 - [TEST_STEP][PASSED] - Statement - If (!(Glb_Dealer_Code == "765A")): null

2018-10-02 08:20:20 - [TEST_STEP][PASSED] - verifyResponseStatusCode: Verify response status code successfully

2018-10-02 08:20:20 - [MESSAGE][PASSED] - Verify response status code successfully

2018-10-02 08:20:20 - [TEST_STEP][PASSED] - Statement - res_Text = new groovy.json.JsonSlurper().parseText(response.getResponseText()): null

2018-10-02 08:20:20 - [TEST_STEP][PASSED] - Statement - If (!(ExpectedMessage == "")): null

2018-10-02 08:20:20 - [MESSAGE][PASSED] - Call Test Case 'Test Cases/TOYOTA/Library_TestCase/Toyota_GetPickUpTimes_JSON - V1' successfully

2018-10-02 08:20:20 - [TEST_STEP][PASSED] - Statement - If (var_Status_ReservedTimeslot == "true"): null

2018-10-02 08:20:20 - [TEST_STEP][PASSED] - Statement - If (var_Status_GetTransport == "true"): null

2018-10-02 08:20:20 - [TEST_STEP][PASSED] - Statement - If (var_Status_MakeBooking == "true"): null

2018-10-02 08:20:20 - [TEST_STEP][PASSED] - Statement - If (var_Status_SearchBooking == "true"): null

2018-10-02 08:20:20 - [TEST_STEP][PASSED] - Statement - If (var_Status_GetBookingDetail == "true"): null

2018-10-02 08:20:20 - [TEST_STEP][PASSED] - Statement - If (var_Status_ChangeBooking == "true"): null

2018-10-02 08:20:20 - [TEST_STEP][PASSED] - Statement - If (var_Status_CancelBooking == "true"): null]]></system-out>
         <system-err><![CDATA[]]></system-err>
      </testcase>
      <system-out><![CDATA[2018-10-02 08:19:59 - [TEST_SUITE][PASSED] - Sprint_GetPickUpTime - P2: Test Cases/TOYOTA/Main_Toyota_TestCase - AllSprints]]></system-out>
      <system-err><![CDATA[]]></system-err>
   </testsuite>
</testsuites>
